Log file open, 07/13/20 16:33:01
LogInit: Display: Running engine for game: Prototype
LogPlatformFile: Not using cached read wrapper
LogTaskGraph: Started task graph with 5 named threads and 23 total threads with 3 sets of task threads.
LogStats: Stats thread started at 1.723817
LogD3D11RHI: Loaded GFSDK_Aftermath_Lib.x64.dll
LogICUInternationalization: ICU TimeZone Detection - Raw Offset: +10:00, Platform Override: ''
LogPluginManager: Mounting plugin Paper2D
LogPluginManager: Mounting plugin AISupport
LogPluginManager: Mounting plugin LightPropagationVolume
LogPluginManager: Mounting plugin CameraShakePreviewer
LogPluginManager: Mounting plugin ActorLayerUtilities
LogPluginManager: Mounting plugin AnimationSharing
LogPluginManager: Mounting plugin CLionSourceCodeAccess
LogPluginManager: Mounting plugin CodeLiteSourceCodeAccess
LogPluginManager: Mounting plugin GitSourceControl
LogPluginManager: Mounting plugin KDevelopSourceCodeAccess
LogPluginManager: Mounting plugin NullSourceCodeAccess
LogPluginManager: Mounting plugin PerforceSourceControl
LogPluginManager: Mounting plugin PlasticSourceControl
LogPluginManager: Mounting plugin RiderSourceCodeAccess
LogPluginManager: Mounting plugin SubversionSourceControl
LogPluginManager: Mounting plugin UObjectPlugin
LogPluginManager: Mounting plugin VisualStudioCodeSourceCodeAccess
LogPluginManager: Mounting plugin VisualStudioSourceCodeAccess
LogPluginManager: Mounting plugin XCodeSourceCodeAccess
LogPluginManager: Mounting plugin AssetManagerEditor
LogPluginManager: Mounting plugin CryptoKeys
LogPluginManager: Mounting plugin CurveEditorTools
LogPluginManager: Mounting plugin DataValidation
LogPluginManager: Mounting plugin EditorScriptingUtilities
LogPluginManager: Mounting plugin FacialAnimation
LogPluginManager: Mounting plugin GameplayTagsEditor
LogPluginManager: Mounting plugin GeometryMode
LogPluginManager: Mounting plugin MacGraphicsSwitching
LogPluginManager: Mounting plugin MaterialAnalyzer
LogPluginManager: Mounting plugin MobileLauncherProfileWizard
LogPluginManager: Mounting plugin PluginBrowser
LogPluginManager: Mounting plugin SpeedTreeImporter
LogPluginManager: Mounting plugin DatasmithContent
LogPluginManager: Mounting plugin VariantManagerContent
LogPluginManager: Mounting plugin AlembicImporter
LogPluginManager: Mounting plugin AutomationUtils
LogPluginManager: Mounting plugin BackChannel
LogPluginManager: Mounting plugin ChaosCloth
LogPluginManager: Mounting plugin ChaosClothEditor
LogPluginManager: Mounting plugin ChaosEditor
LogPluginManager: Mounting plugin ChaosNiagara
LogPluginManager: Mounting plugin ChaosSolverPlugin
LogPluginManager: Mounting plugin CharacterAI
LogPluginManager: Mounting plugin GeometryCache
LogPluginManager: Mounting plugin GeometryCollectionPlugin
LogPluginManager: Mounting plugin GeometryProcessing
LogPluginManager: Mounting plugin PlanarCut
LogPluginManager: Mounting plugin PlatformCrypto
LogPluginManager: Mounting plugin ProxyLODPlugin
LogPluginManager: Mounting plugin SkeletalReduction
LogPluginManager: Mounting plugin Niagara
LogPluginManager: Mounting plugin MagicLeap
LogPluginManager: Mounting plugin MagicLeapLightEstimation
LogPluginManager: Mounting plugin MagicLeapMedia
LogPluginManager: Mounting plugin MagicLeapPassableWorld
LogPluginManager: Mounting plugin MLSDK
LogPluginManager: Mounting plugin AndroidMedia
LogPluginManager: Mounting plugin AvfMedia
LogPluginManager: Mounting plugin ImgMedia
LogPluginManager: Mounting plugin MediaCompositing
LogPluginManager: Mounting plugin MediaPlayerEditor
LogPluginManager: Mounting plugin WebMMedia
LogPluginManager: Mounting plugin WmfMedia
LogPluginManager: Mounting plugin MeshPainting
LogPluginManager: Mounting plugin TcpMessaging
LogPluginManager: Mounting plugin UdpMessaging
LogPluginManager: Mounting plugin ActorSequence
LogPluginManager: Mounting plugin LevelSequenceEditor
LogPluginManager: Mounting plugin MatineeToLevelSequence
LogPluginManager: Mounting plugin MovieRenderPipeline
LogPluginManager: Mounting plugin TemplateSequence
LogPluginManager: Mounting plugin NetcodeUnitTest
LogPluginManager: Mounting plugin NUTUnrealEngine4
LogPluginManager: Mounting plugin OnlineSubsystemGooglePlay
LogPluginManager: Mounting plugin OnlineSubsystemIOS
LogPluginManager: Mounting plugin OnlineSubsystem
LogPluginManager: Mounting plugin OnlineSubsystemNull
LogPluginManager: Mounting plugin OnlineSubsystemUtils
LogPluginManager: Mounting plugin LauncherChunkInstaller
LogPluginManager: Mounting plugin AndroidDeviceProfileSelector
LogPluginManager: Mounting plugin AndroidMoviePlayer
LogPluginManager: Mounting plugin AndroidPermission
LogPluginManager: Mounting plugin AppleImageUtils
LogPluginManager: Mounting plugin AppleMoviePlayer
LogPluginManager: Mounting plugin ArchVisCharacter
LogPluginManager: Mounting plugin AssetTags
LogPluginManager: Mounting plugin AudioCapture
LogPluginManager: Mounting plugin CableComponent
LogPluginManager: Mounting plugin CustomMeshComponent
LogPluginManager: Mounting plugin EditableMesh
LogPluginManager: Mounting plugin ExampleDeviceProfileSelector
LogPluginManager: Mounting plugin GoogleCloudMessaging
LogPluginManager: Mounting plugin GooglePAD
LogPluginManager: Mounting plugin IOSDeviceProfileSelector
LogPluginManager: Mounting plugin LinuxDeviceProfileSelector
LogPluginManager: Mounting plugin LocationServicesBPLibrary
LogPluginManager: Mounting plugin MobilePatchingUtils
LogPluginManager: Mounting plugin PhysXVehicles
LogPluginManager: Mounting plugin PostSplashScreen
LogPluginManager: Mounting plugin ProceduralMeshComponent
LogPluginManager: Mounting plugin RuntimePhysXCooking
LogPluginManager: Mounting plugin SignificanceManager
LogPluginManager: Mounting plugin SoundFields
LogPluginManager: Mounting plugin Synthesis
LogPluginManager: Mounting plugin WebMMoviePlayer
LogPluginManager: Mounting plugin WindowsMoviePlayer
LogPluginManager: Mounting plugin ScreenshotTools
LogInit: Using libcurl 7.55.1-DEV
LogInit:  - built for x86_64-pc-win32
LogInit:  - supports SSL with OpenSSL/1.1.1
LogInit:  - supports HTTP deflate (compression) using libz 1.2.8
LogInit:  - other features:
LogInit:      CURL_VERSION_SSL
LogInit:      CURL_VERSION_LIBZ
LogInit:      CURL_VERSION_IPV6
LogInit:      CURL_VERSION_ASYNCHDNS
LogInit:      CURL_VERSION_LARGEFILE
LogInit:      CURL_VERSION_IDN
LogInit:  CurlRequestOptions (configurable via config and command line):
LogInit:  - bVerifyPeer = true  - Libcurl will verify peer certificate
LogInit:  - bUseHttpProxy = false  - Libcurl will NOT use HTTP proxy
LogInit:  - bDontReuseConnections = false  - Libcurl will reuse connections
LogInit:  - MaxHostConnections = 16  - Libcurl will limit the number of connections to a host
LogInit:  - LocalHostAddr = Default
LogInit:  - BufferSize = 65536
LogOnline: OSS: Creating online subsystem instance for: NULL
LogInit: WinSock: version 1.1 (2.2), MaxSocks=32767, MaxUdp=65467
LogOnline: OSS: TryLoadSubsystemAndSetDefault: Loaded subsystem for module [NULL]
LogInit: Build: ++UE4+Release-4.25-CL-13594126
LogInit: Engine Version: 4.25.1-13594126+++UE4+Release-4.25
LogInit: Compatible Engine Version: 4.25.0-13144385+++UE4+Release-4.25
LogInit: Net CL: 13144385
LogInit: OS: Windows 10 (Release 1903) (), CPU: Intel(R) Core(TM) i7-7700K CPU @ 4.20GHz, GPU: NVIDIA GeForce GTX 1060 6GB
LogInit: Compiled (64-bit): Jun  2 2020 02:10:36
LogInit: Compiled with Visual C++: 19.24.28315.00
LogInit: Build Configuration: Development
LogInit: Branch Name: ++UE4+Release-4.25
LogInit: Command Line: 
LogInit: Base Directory: D:/Games/EpicGames/UE_4.25/Engine/Binaries/Win64/
LogInit: Allocator: TBB
LogInit: Installed Engine Build: 1
LogDevObjectVersion: Number of dev versions registered: 26
LogDevObjectVersion:   Dev-Blueprints (B0D832E4-1F89-4F0D-ACCF-7EB736FD4AA2): 10
LogDevObjectVersion:   Dev-Build (E1C64328-A22C-4D53-A36C-8E866417BD8C): 0
LogDevObjectVersion:   Dev-Core (375EC13C-06E4-48FB-B500-84F0262A717E): 4
LogDevObjectVersion:   Dev-Editor (E4B068ED-F494-42E9-A231-DA0B2E46BB41): 38
LogDevObjectVersion:   Dev-Framework (CFFC743F-43B0-4480-9391-14DF171D2073): 37
LogDevObjectVersion:   Dev-Mobile (B02B49B5-BB20-44E9-A304-32B752E40360): 2
LogDevObjectVersion:   Dev-Networking (A4E4105C-59A1-49B5-A7C5-40C4547EDFEE): 0
LogDevObjectVersion:   Dev-Online (39C831C9-5AE6-47DC-9A44-9C173E1C8E7C): 0
LogDevObjectVersion:   Dev-Physics (78F01B33-EBEA-4F98-B9B4-84EACCB95AA2): 4
LogDevObjectVersion:   Dev-Platform (6631380F-2D4D-43E0-8009-CF276956A95A): 0
LogDevObjectVersion:   Dev-Rendering (12F88B9F-8875-4AFC-A67C-D90C383ABD29): 43
LogDevObjectVersion:   Dev-Sequencer (7B5AE74C-D270-4C10-A958-57980B212A5A): 12
LogDevObjectVersion:   Dev-VR (D7296918-1DD6-4BDD-9DE2-64A83CC13884): 3
LogDevObjectVersion:   Dev-LoadTimes (C2A15278-BFE7-4AFE-6C17-90FF531DF755): 1
LogDevObjectVersion:   Private-Geometry (6EACA3D4-40EC-4CC1-B786-8BED09428FC5): 3
LogDevObjectVersion:   Dev-AnimPhys (29E575DD-E0A3-4627-9D10-D276232CDCEA): 17
LogDevObjectVersion:   Dev-Anim (AF43A65D-7FD3-4947-9873-3E8ED9C1BB05): 7
LogDevObjectVersion:   Dev-ReflectionCapture (6B266CEC-1EC7-4B8F-A30B-E4D90942FC07): 1
LogDevObjectVersion:   Dev-Automation (0DF73D61-A23F-47EA-B727-89E90C41499A): 1
LogDevObjectVersion:   FortniteMain (601D1886-AC64-4F84-AA16-D3DE0DEAC7D6): 31
LogDevObjectVersion:   Dev-Enterprise (9DFFBCD6-494F-0158-E221-12823C92A888): 10
LogDevObjectVersion:   Dev-Niagara (F2AED0AC-9AFE-416F-8664-AA7FFA26D6FC): 1
LogDevObjectVersion:   Dev-Destruction (174F1F0B-B4C6-45A5-B13F-2EE8D0FB917D): 10
LogDevObjectVersion:   Dev-Physics-Ext (35F94A83-E258-406C-A318-09F59610247C): 37
LogDevObjectVersion:   Dev-PhysicsMaterial-Chaos (B68FC16E-8B1B-42E2-B453-215C058844FE): 1
LogDevObjectVersion:   Dev-CineCamera (B2E18506-4273-CFC2-A54E-F4BB758BBA07): 1
LogInit: Presizing for max 25165824 objects, including 0 objects not considered by GC, pre-allocating 0 bytes for permanent pool.
LogConfig: Applying CVar settings from Section [/Script/Engine.StreamingSettings] File [D:/Unity/WeGottaPass/ThisTrimester/Name/Full_spectrum/Prototype/Saved/Config/Windows/Engine.ini]
LogConfig: Setting CVar [[s.MinBulkDataSizeForAsyncLoading:131072]]
LogConfig: Setting CVar [[s.AsyncLoadingThreadEnabled:0]]
LogConfig: Setting CVar [[s.EventDrivenLoaderEnabled:1]]
LogConfig: Setting CVar [[s.WarnIfTimeLimitExceeded:0]]
LogConfig: Setting CVar [[s.TimeLimitExceededMultiplier:1.5]]
LogConfig: Setting CVar [[s.TimeLimitExceededMinTime:0.005]]
LogConfig: Setting CVar [[s.UseBackgroundLevelStreaming:1]]
LogConfig: Setting CVar [[s.PriorityAsyncLoadingExtraTime:15.0]]
LogConfig: Setting CVar [[s.LevelStreamingActorsUpdateTimeLimit:5.0]]
LogConfig: Setting CVar [[s.PriorityLevelStreamingActorsUpdateExtraTime:5.0]]
LogConfig: Setting CVar [[s.LevelStreamingComponentsRegistrationGranularity:10]]
LogConfig: Setting CVar [[s.UnregisterComponentsTimeLimit:1.0]]
LogConfig: Setting CVar [[s.LevelStreamingComponentsUnregistrationGranularity:5]]
LogConfig: Setting CVar [[s.FlushStreamingOnExit:1]]
LogInit: Object subsystem initialized
LogConfig: Setting CVar [[con.DebugEarlyDefault:1]]
LogConfig: Setting CVar [[r.setres:1280x720]]
[2020.07.13-06.33.02:024][  0]LogConfig: Setting CVar [[r.VSync:0]]
[2020.07.13-06.33.02:024][  0]LogConfig: Setting CVar [[r.RHICmdBypass:0]]
[2020.07.13-06.33.02:024][  0]LogConfig: Applying CVar settings from Section [/Script/Engine.RendererSettings] File [D:/Unity/WeGottaPass/ThisTrimester/Name/Full_spectrum/Prototype/Saved/Config/Windows/Engine.ini]
[2020.07.13-06.33.02:024][  0]LogConfig: Setting CVar [[r.GPUCrashDebugging:0]]
[2020.07.13-06.33.02:024][  0]LogConfig: Applying CVar settings from Section [/Script/Engine.RendererOverrideSettings] File [D:/Unity/WeGottaPass/ThisTrimester/Name/Full_spectrum/Prototype/Saved/Config/Windows/Engine.ini]
[2020.07.13-06.33.02:024][  0]LogConfig: Applying CVar settings from Section [/Script/Engine.StreamingSettings] File [D:/Unity/WeGottaPass/ThisTrimester/Name/Full_spectrum/Prototype/Saved/Config/Windows/Engine.ini]
[2020.07.13-06.33.02:024][  0]LogConfig: Setting CVar [[s.MinBulkDataSizeForAsyncLoading:131072]]
[2020.07.13-06.33.02:024][  0]LogConfig: Setting CVar [[s.AsyncLoadingThreadEnabled:0]]
[2020.07.13-06.33.02:024][  0]LogConfig: Setting CVar [[s.EventDrivenLoaderEnabled:1]]
[2020.07.13-06.33.02:024][  0]LogConfig: Setting CVar [[s.WarnIfTimeLimitExceeded:0]]
[2020.07.13-06.33.02:024][  0]LogConfig: Setting CVar [[s.TimeLimitExceededMultiplier:1.5]]
[2020.07.13-06.33.02:024][  0]LogConfig: Setting CVar [[s.TimeLimitExceededMinTime:0.005]]
[2020.07.13-06.33.02:024][  0]LogConfig: Setting CVar [[s.UseBackgroundLevelStreaming:1]]
[2020.07.13-06.33.02:024][  0]LogConfig: Setting CVar [[s.PriorityAsyncLoadingExtraTime:15.0]]
[2020.07.13-06.33.02:024][  0]LogConfig: Setting CVar [[s.LevelStreamingActorsUpdateTimeLimit:5.0]]
[2020.07.13-06.33.02:024][  0]LogConfig: Setting CVar [[s.PriorityLevelStreamingActorsUpdateExtraTime:5.0]]
[2020.07.13-06.33.02:024][  0]LogConfig: Setting CVar [[s.LevelStreamingComponentsRegistrationGranularity:10]]
[2020.07.13-06.33.02:024][  0]LogConfig: Setting CVar [[s.UnregisterComponentsTimeLimit:1.0]]
[2020.07.13-06.33.02:024][  0]LogConfig: Setting CVar [[s.LevelStreamingComponentsUnregistrationGranularity:5]]
[2020.07.13-06.33.02:024][  0]LogConfig: Setting CVar [[s.FlushStreamingOnExit:1]]
[2020.07.13-06.33.02:024][  0]LogConfig: Applying CVar settings from Section [/Script/Engine.GarbageCollectionSettings] File [D:/Unity/WeGottaPass/ThisTrimester/Name/Full_spectrum/Prototype/Saved/Config/Windows/Engine.ini]
[2020.07.13-06.33.02:024][  0]LogConfig: Setting CVar [[gc.MaxObjectsNotConsideredByGC:1]]
[2020.07.13-06.33.02:024][  0]LogConfig: Setting CVar [[gc.SizeOfPermanentObjectPool:0]]
[2020.07.13-06.33.02:024][  0]LogConfig: Setting CVar [[gc.FlushStreamingOnGC:0]]
[2020.07.13-06.33.02:024][  0]LogConfig: Setting CVar [[gc.NumRetriesBeforeForcingGC:10]]
[2020.07.13-06.33.02:024][  0]LogConfig: Setting CVar [[gc.AllowParallelGC:1]]
[2020.07.13-06.33.02:024][  0]LogConfig: Setting CVar [[gc.TimeBetweenPurgingPendingKillObjects:61.1]]
[2020.07.13-06.33.02:024][  0]LogConfig: Setting CVar [[gc.MaxObjectsInEditor:25165824]]
[2020.07.13-06.33.02:024][  0]LogConfig: Setting CVar [[gc.IncrementalBeginDestroyEnabled:1]]
[2020.07.13-06.33.02:024][  0]LogConfig: Setting CVar [[gc.CreateGCClusters:1]]
[2020.07.13-06.33.02:024][  0]LogConfig: Setting CVar [[gc.MinGCClusterSize:5]]
[2020.07.13-06.33.02:024][  0]LogConfig: Setting CVar [[gc.ActorClusteringEnabled:0]]
[2020.07.13-06.33.02:024][  0]LogConfig: Setting CVar [[gc.BlueprintClusteringEnabled:0]]
[2020.07.13-06.33.02:024][  0]LogConfig: Setting CVar [[gc.UseDisregardForGCOnDedicatedServers:0]]
[2020.07.13-06.33.02:024][  0]LogConfig: Applying CVar settings from Section [/Script/Engine.NetworkSettings] File [D:/Unity/WeGottaPass/ThisTrimester/Name/Full_spectrum/Prototype/Saved/Config/Windows/Engine.ini]
[2020.07.13-06.33.02:024][  0]LogConfig: Applying CVar settings from Section [/Script/UnrealEd.CookerSettings] File [D:/Unity/WeGottaPass/ThisTrimester/Name/Full_spectrum/Prototype/Saved/Config/Windows/Engine.ini]
[2020.07.13-06.33.02:028][  0]LogConfig: Applying CVar settings from Section [ViewDistanceQuality@3] File [D:/Unity/WeGottaPass/ThisTrimester/Name/Full_spectrum/Prototype/Saved/Config/Windows/Scalability.ini]
[2020.07.13-06.33.02:028][  0]LogConfig: Setting CVar [[r.SkeletalMeshLODBias:0]]
[2020.07.13-06.33.02:028][  0]LogConfig: Setting CVar [[r.ViewDistanceScale:1.0]]
[2020.07.13-06.33.02:028][  0]LogConfig: Applying CVar settings from Section [AntiAliasingQuality@3] File [D:/Unity/WeGottaPass/ThisTrimester/Name/Full_spectrum/Prototype/Saved/Config/Windows/Scalability.ini]
[2020.07.13-06.33.02:028][  0]LogConfig: Setting CVar [[r.PostProcessAAQuality:4]]
[2020.07.13-06.33.02:028][  0]LogConfig: Applying CVar settings from Section [ShadowQuality@3] File [D:/Unity/WeGottaPass/ThisTrimester/Name/Full_spectrum/Prototype/Saved/Config/Windows/Scalability.ini]
[2020.07.13-06.33.02:028][  0]LogConfig: Setting CVar [[r.LightFunctionQuality:1]]
[2020.07.13-06.33.02:028][  0]LogConfig: Setting CVar [[r.ShadowQuality:5]]
[2020.07.13-06.33.02:028][  0]LogConfig: Setting CVar [[r.Shadow.CSM.MaxCascades:10]]
[2020.07.13-06.33.02:028][  0]LogConfig: Setting CVar [[r.Shadow.MaxResolution:2048]]
[2020.07.13-06.33.02:028][  0]LogConfig: Setting CVar [[r.Shadow.MaxCSMResolution:2048]]
[2020.07.13-06.33.02:028][  0]LogConfig: Setting CVar [[r.Shadow.RadiusThreshold:0.01]]
[2020.07.13-06.33.02:028][  0]LogConfig: Setting CVar [[r.Shadow.DistanceScale:1.0]]
[2020.07.13-06.33.02:028][  0]LogConfig: Setting CVar [[r.Shadow.CSM.TransitionScale:1.0]]
[2020.07.13-06.33.02:028][  0]LogConfig: Setting CVar [[r.Shadow.PreShadowResolutionFactor:1.0]]
[2020.07.13-06.33.02:028][  0]LogConfig: Setting CVar [[r.DistanceFieldShadowing:1]]
[2020.07.13-06.33.02:028][  0]LogConfig: Setting CVar [[r.DistanceFieldAO:1]]
[2020.07.13-06.33.02:028][  0]LogConfig: Setting CVar [[r.AOQuality:2]]
[2020.07.13-06.33.02:028][  0]LogConfig: Setting CVar [[r.VolumetricFog:1]]
[2020.07.13-06.33.02:028][  0]LogConfig: Setting CVar [[r.VolumetricFog.GridPixelSize:8]]
[2020.07.13-06.33.02:028][  0]LogConfig: Setting CVar [[r.VolumetricFog.GridSizeZ:128]]
[2020.07.13-06.33.02:028][  0]LogConfig: Setting CVar [[r.VolumetricFog.HistoryMissSupersampleCount:4]]
[2020.07.13-06.33.02:028][  0]LogConfig: Setting CVar [[r.LightMaxDrawDistanceScale:1]]
[2020.07.13-06.33.02:028][  0]LogConfig: Setting CVar [[r.CapsuleShadows:1]]
[2020.07.13-06.33.02:028][  0]LogConfig: Applying CVar settings from Section [PostProcessQuality@3] File [D:/Unity/WeGottaPass/ThisTrimester/Name/Full_spectrum/Prototype/Saved/Config/Windows/Scalability.ini]
[2020.07.13-06.33.02:028][  0]LogConfig: Setting CVar [[r.MotionBlurQuality:4]]
[2020.07.13-06.33.02:028][  0]LogConfig: Setting CVar [[r.AmbientOcclusionMipLevelFactor:0.4]]
[2020.07.13-06.33.02:028][  0]LogConfig: Setting CVar [[r.AmbientOcclusionMaxQuality:100]]
[2020.07.13-06.33.02:028][  0]LogConfig: Setting CVar [[r.AmbientOcclusionLevels:-1]]
[2020.07.13-06.33.02:028][  0]LogConfig: Setting CVar [[r.AmbientOcclusionRadiusScale:1.0]]
[2020.07.13-06.33.02:028][  0]LogConfig: Setting CVar [[r.DepthOfFieldQuality:2]]
[2020.07.13-06.33.02:028][  0]LogConfig: Setting CVar [[r.RenderTargetPoolMin:400]]
[2020.07.13-06.33.02:028][  0]LogConfig: Setting CVar [[r.LensFlareQuality:2]]
[2020.07.13-06.33.02:028][  0]LogConfig: Setting CVar [[r.SceneColorFringeQuality:1]]
[2020.07.13-06.33.02:028][  0]LogConfig: Setting CVar [[r.EyeAdaptationQuality:2]]
[2020.07.13-06.33.02:028][  0]LogConfig: Setting CVar [[r.BloomQuality:5]]
[2020.07.13-06.33.02:028][  0]LogConfig: Setting CVar [[r.FastBlurThreshold:100]]
[2020.07.13-06.33.02:028][  0]LogConfig: Setting CVar [[r.Upscale.Quality:3]]
[2020.07.13-06.33.02:028][  0]LogConfig: Setting CVar [[r.Tonemapper.GrainQuantization:1]]
[2020.07.13-06.33.02:028][  0]LogConfig: Setting CVar [[r.LightShaftQuality:1]]
[2020.07.13-06.33.02:028][  0]LogConfig: Setting CVar [[r.Filter.SizeScale:1]]
[2020.07.13-06.33.02:028][  0]LogConfig: Setting CVar [[r.Tonemapper.Quality:5]]
[2020.07.13-06.33.02:028][  0]LogConfig: Setting CVar [[r.DOF.Gather.AccumulatorQuality:1        ; higher gathering accumulator quality]]
[2020.07.13-06.33.02:028][  0]LogConfig: Setting CVar [[r.DOF.Gather.PostfilterMethod:1          ; Median3x3 postfilering method]]
[2020.07.13-06.33.02:028][  0]LogConfig: Setting CVar [[r.DOF.Gather.EnableBokehSettings:0       ; no bokeh simulation when gathering]]
[2020.07.13-06.33.02:028][  0]LogConfig: Setting CVar [[r.DOF.Gather.RingCount:4                 ; medium number of samples when gathering]]
[2020.07.13-06.33.02:028][  0]LogConfig: Setting CVar [[r.DOF.Scatter.ForegroundCompositing:1    ; additive foreground scattering]]
[2020.07.13-06.33.02:028][  0]LogConfig: Setting CVar [[r.DOF.Scatter.BackgroundCompositing:2    ; additive background scattering]]
[2020.07.13-06.33.02:028][  0]LogConfig: Setting CVar [[r.DOF.Scatter.EnableBokehSettings:1      ; bokeh simulation when scattering]]
[2020.07.13-06.33.02:028][  0]LogConfig: Setting CVar [[r.DOF.Scatter.MaxSpriteRatio:0.1         ; only a maximum of 10% of scattered bokeh]]
[2020.07.13-06.33.02:028][  0]LogConfig: Setting CVar [[r.DOF.Recombine.Quality:1                ; cheap slight out of focus]]
[2020.07.13-06.33.02:028][  0]LogConfig: Setting CVar [[r.DOF.Recombine.EnableBokehSettings:0    ; no bokeh simulation on slight out of focus]]
[2020.07.13-06.33.02:028][  0]LogConfig: Setting CVar [[r.DOF.TemporalAAQuality:1                ; more stable temporal accumulation]]
[2020.07.13-06.33.02:028][  0]LogConfig: Setting CVar [[r.DOF.Kernel.MaxForegroundRadius:0.025]]
[2020.07.13-06.33.02:028][  0]LogConfig: Setting CVar [[r.DOF.Kernel.MaxBackgroundRadius:0.025]]
[2020.07.13-06.33.02:028][  0]LogConfig: Applying CVar settings from Section [TextureQuality@3] File [D:/Unity/WeGottaPass/ThisTrimester/Name/Full_spectrum/Prototype/Saved/Config/Windows/Scalability.ini]
[2020.07.13-06.33.02:028][  0]LogConfig: Setting CVar [[r.Streaming.MipBias:0]]
[2020.07.13-06.33.02:028][  0]LogConfig: Setting CVar [[r.Streaming.AmortizeCPUToGPUCopy:0]]
[2020.07.13-06.33.02:028][  0]LogConfig: Setting CVar [[r.Streaming.MaxNumTexturesToStreamPerFrame:0]]
[2020.07.13-06.33.02:028][  0]LogConfig: Setting CVar [[r.Streaming.Boost:1]]
[2020.07.13-06.33.02:028][  0]LogConfig: Setting CVar [[r.MaxAnisotropy:8]]
[2020.07.13-06.33.02:028][  0]LogConfig: Setting CVar [[r.VT.MaxAnisotropy:8]]
[2020.07.13-06.33.02:028][  0]LogConfig: Setting CVar [[r.Streaming.LimitPoolSizeToVRAM:0]]
[2020.07.13-06.33.02:028][  0]LogConfig: Setting CVar [[r.Streaming.PoolSize:1000]]
[2020.07.13-06.33.02:028][  0]LogConfig: Setting CVar [[r.Streaming.MaxEffectiveScreenSize:0]]
[2020.07.13-06.33.02:028][  0]LogConfig: Applying CVar settings from Section [EffectsQuality@3] File [D:/Unity/WeGottaPass/ThisTrimester/Name/Full_spectrum/Prototype/Saved/Config/Windows/Scalability.ini]
[2020.07.13-06.33.02:028][  0]LogConfig: Setting CVar [[r.TranslucencyLightingVolumeDim:64]]
[2020.07.13-06.33.02:028][  0]LogConfig: Setting CVar [[r.RefractionQuality:2]]
[2020.07.13-06.33.02:028][  0]LogConfig: Setting CVar [[r.SSR.Quality:3]]
[2020.07.13-06.33.02:028][  0]LogConfig: Setting CVar [[r.SSR.HalfResSceneColor:0]]
[2020.07.13-06.33.02:029][  0]LogConfig: Setting CVar [[r.SceneColorFormat:4]]
[2020.07.13-06.33.02:029][  0]LogConfig: Setting CVar [[r.DetailMode:2]]
[2020.07.13-06.33.02:029][  0]LogConfig: Setting CVar [[r.TranslucencyVolumeBlur:1]]
[2020.07.13-06.33.02:029][  0]LogConfig: Setting CVar [[r.MaterialQualityLevel:1 ; High quality]]
[2020.07.13-06.33.02:029][  0]LogConfig: Setting CVar [[r.SSS.Scale:1]]
[2020.07.13-06.33.02:029][  0]LogConfig: Setting CVar [[r.SSS.SampleSet:2]]
[2020.07.13-06.33.02:029][  0]LogConfig: Setting CVar [[r.SSS.Quality:1]]
[2020.07.13-06.33.02:029][  0]LogConfig: Setting CVar [[r.SSS.HalfRes:0]]
[2020.07.13-06.33.02:029][  0]LogConfig: Setting CVar [[r.SSGI.Quality:3]]
[2020.07.13-06.33.02:029][  0]LogConfig: Setting CVar [[r.EmitterSpawnRateScale:1.0]]
[2020.07.13-06.33.02:029][  0]LogConfig: Setting CVar [[r.ParticleLightQuality:2]]
[2020.07.13-06.33.02:029][  0]LogConfig: Setting CVar [[r.SkyAtmosphere.AerialPerspectiveLUT.FastApplyOnOpaque:1 ; Always have FastSkyLUT 1 in this case to avoid wrong sky]]
[2020.07.13-06.33.02:029][  0]LogConfig: Setting CVar [[r.SkyAtmosphere.AerialPerspectiveLUT.SampleCountPerSlice:1]]
[2020.07.13-06.33.02:029][  0]LogConfig: Setting CVar [[r.SkyAtmosphere.AerialPerspectiveLUT.DepthResolution:16.0]]
[2020.07.13-06.33.02:029][  0]LogConfig: Setting CVar [[r.SkyAtmosphere.FastSkyLUT:1]]
[2020.07.13-06.33.02:029][  0]LogConfig: Setting CVar [[r.SkyAtmosphere.FastSkyLUT.SampleCountMin:4.0]]
[2020.07.13-06.33.02:029][  0]LogConfig: Setting CVar [[r.SkyAtmosphere.FastSkyLUT.SampleCountMax:32.0]]
[2020.07.13-06.33.02:029][  0]LogConfig: Setting CVar [[r.SkyAtmosphere.SampleCountMin:4.0]]
[2020.07.13-06.33.02:029][  0]LogConfig: Setting CVar [[r.SkyAtmosphere.SampleCountMax:32.0]]
[2020.07.13-06.33.02:029][  0]LogConfig: Setting CVar [[r.SkyAtmosphere.TransmittanceLUT.UseSmallFormat:0]]
[2020.07.13-06.33.02:029][  0]LogConfig: Setting CVar [[r.SkyAtmosphere.TransmittanceLUT.SampleCount:10.0]]
[2020.07.13-06.33.02:029][  0]LogConfig: Setting CVar [[r.SkyAtmosphere.MultiScatteringLUT.SampleCount:15.0]]
[2020.07.13-06.33.02:029][  0]LogConfig: Applying CVar settings from Section [FoliageQuality@3] File [D:/Unity/WeGottaPass/ThisTrimester/Name/Full_spectrum/Prototype/Saved/Config/Windows/Scalability.ini]
[2020.07.13-06.33.02:029][  0]LogConfig: Setting CVar [[foliage.DensityScale:1.0]]
[2020.07.13-06.33.02:029][  0]LogConfig: Setting CVar [[grass.DensityScale:1.0]]
[2020.07.13-06.33.02:029][  0]LogConfig: Applying CVar settings from Section [ShadingQuality@3] File [D:/Unity/WeGottaPass/ThisTrimester/Name/Full_spectrum/Prototype/Saved/Config/Windows/Scalability.ini]
[2020.07.13-06.33.02:029][  0]LogConfig: Setting CVar [[r.HairStrands.SkyLighting.SampleCount:16]]
[2020.07.13-06.33.02:029][  0]LogConfig: Setting CVar [[r.HairStrands.SkyLighting.JitterIntegration:0]]
[2020.07.13-06.33.02:029][  0]LogConfig: Setting CVar [[r.HairStrands.SkyAO.SampleCount:16]]
[2020.07.13-06.33.02:029][  0]LogConfig: Setting CVar [[r.HairStrands.DeepShadow.SuperSampling:0]]
[2020.07.13-06.33.02:029][  0]LogConfig: Setting CVar [[r.HairStrands.VisibilityPPLL:0]]
[2020.07.13-06.33.02:029][  0]LogConfig: Setting CVar [[r.HairStrands.RasterizationScale:0.5]]
[2020.07.13-06.33.02:029][  0]LogConfig: Setting CVar [[r.HairStrands.VelocityRasterizationScale:1]]
[2020.07.13-06.33.02:029][  0]LogInit: Selected Device Profile: [Windows]
[2020.07.13-06.33.02:029][  0]LogInit: Applying CVar settings loaded from the selected device profile: [Windows]
[2020.07.13-06.33.02:029][  0]LogHAL: Display: Platform has ~ 16 GB [17112694784 / 17179869184 / 16], which maps to Larger [LargestMinGB=32, LargerMinGB=12, DefaultMinGB=8, SmallerMinGB=6, SmallestMinGB=0)
[2020.07.13-06.33.02:029][  0]LogInit: Going up to parent DeviceProfile []
[2020.07.13-06.33.02:029][  0]LogConfig: Applying CVar settings from Section [ViewDistanceQuality@3] File [D:/Unity/WeGottaPass/ThisTrimester/Name/Full_spectrum/Prototype/Saved/Config/Windows/Scalability.ini]
[2020.07.13-06.33.02:029][  0]LogConfig: Setting CVar [[r.SkeletalMeshLODBias:0]]
[2020.07.13-06.33.02:029][  0]LogConfig: Setting CVar [[r.ViewDistanceScale:1.0]]
[2020.07.13-06.33.02:029][  0]LogConfig: Applying CVar settings from Section [AntiAliasingQuality@3] File [D:/Unity/WeGottaPass/ThisTrimester/Name/Full_spectrum/Prototype/Saved/Config/Windows/Scalability.ini]
[2020.07.13-06.33.02:029][  0]LogConfig: Setting CVar [[r.PostProcessAAQuality:4]]
[2020.07.13-06.33.02:029][  0]LogConfig: Applying CVar settings from Section [ShadowQuality@3] File [D:/Unity/WeGottaPass/ThisTrimester/Name/Full_spectrum/Prototype/Saved/Config/Windows/Scalability.ini]
[2020.07.13-06.33.02:029][  0]LogConfig: Setting CVar [[r.LightFunctionQuality:1]]
[2020.07.13-06.33.02:029][  0]LogConfig: Setting CVar [[r.ShadowQuality:5]]
[2020.07.13-06.33.02:029][  0]LogConfig: Setting CVar [[r.Shadow.CSM.MaxCascades:10]]
[2020.07.13-06.33.02:029][  0]LogConfig: Setting CVar [[r.Shadow.MaxResolution:2048]]
[2020.07.13-06.33.02:029][  0]LogConfig: Setting CVar [[r.Shadow.MaxCSMResolution:2048]]
[2020.07.13-06.33.02:029][  0]LogConfig: Setting CVar [[r.Shadow.RadiusThreshold:0.01]]
[2020.07.13-06.33.02:029][  0]LogConfig: Setting CVar [[r.Shadow.DistanceScale:1.0]]
[2020.07.13-06.33.02:029][  0]LogConfig: Setting CVar [[r.Shadow.CSM.TransitionScale:1.0]]
[2020.07.13-06.33.02:029][  0]LogConfig: Setting CVar [[r.Shadow.PreShadowResolutionFactor:1.0]]
[2020.07.13-06.33.02:029][  0]LogConfig: Setting CVar [[r.DistanceFieldShadowing:1]]
[2020.07.13-06.33.02:029][  0]LogConfig: Setting CVar [[r.DistanceFieldAO:1]]
[2020.07.13-06.33.02:029][  0]LogConfig: Setting CVar [[r.AOQuality:2]]
[2020.07.13-06.33.02:029][  0]LogConfig: Setting CVar [[r.VolumetricFog:1]]
[2020.07.13-06.33.02:029][  0]LogConfig: Setting CVar [[r.VolumetricFog.GridPixelSize:8]]
[2020.07.13-06.33.02:029][  0]LogConfig: Setting CVar [[r.VolumetricFog.GridSizeZ:128]]
[2020.07.13-06.33.02:029][  0]LogConfig: Setting CVar [[r.VolumetricFog.HistoryMissSupersampleCount:4]]
[2020.07.13-06.33.02:029][  0]LogConfig: Setting CVar [[r.LightMaxDrawDistanceScale:1]]
[2020.07.13-06.33.02:029][  0]LogConfig: Setting CVar [[r.CapsuleShadows:1]]
[2020.07.13-06.33.02:029][  0]LogConfig: Applying CVar settings from Section [PostProcessQuality@3] File [D:/Unity/WeGottaPass/ThisTrimester/Name/Full_spectrum/Prototype/Saved/Config/Windows/Scalability.ini]
[2020.07.13-06.33.02:029][  0]LogConfig: Setting CVar [[r.MotionBlurQuality:4]]
[2020.07.13-06.33.02:029][  0]LogConfig: Setting CVar [[r.AmbientOcclusionMipLevelFactor:0.4]]
[2020.07.13-06.33.02:029][  0]LogConfig: Setting CVar [[r.AmbientOcclusionMaxQuality:100]]
[2020.07.13-06.33.02:029][  0]LogConfig: Setting CVar [[r.AmbientOcclusionLevels:-1]]
[2020.07.13-06.33.02:029][  0]LogConfig: Setting CVar [[r.AmbientOcclusionRadiusScale:1.0]]
[2020.07.13-06.33.02:029][  0]LogConfig: Setting CVar [[r.DepthOfFieldQuality:2]]
[2020.07.13-06.33.02:029][  0]LogConfig: Setting CVar [[r.RenderTargetPoolMin:400]]
[2020.07.13-06.33.02:029][  0]LogConfig: Setting CVar [[r.LensFlareQuality:2]]
[2020.07.13-06.33.02:029][  0]LogConfig: Setting CVar [[r.SceneColorFringeQuality:1]]
[2020.07.13-06.33.02:029][  0]LogConfig: Setting CVar [[r.EyeAdaptationQuality:2]]
[2020.07.13-06.33.02:029][  0]LogConfig: Setting CVar [[r.BloomQuality:5]]
[2020.07.13-06.33.02:029][  0]LogConfig: Setting CVar [[r.FastBlurThreshold:100]]
[2020.07.13-06.33.02:029][  0]LogConfig: Setting CVar [[r.Upscale.Quality:3]]
[2020.07.13-06.33.02:029][  0]LogConfig: Setting CVar [[r.Tonemapper.GrainQuantization:1]]
[2020.07.13-06.33.02:029][  0]LogConfig: Setting CVar [[r.LightShaftQuality:1]]
[2020.07.13-06.33.02:029][  0]LogConfig: Setting CVar [[r.Filter.SizeScale:1]]
[2020.07.13-06.33.02:029][  0]LogConfig: Setting CVar [[r.Tonemapper.Quality:5]]
[2020.07.13-06.33.02:029][  0]LogConfig: Setting CVar [[r.DOF.Gather.AccumulatorQuality:1        ; higher gathering accumulator quality]]
[2020.07.13-06.33.02:029][  0]LogConfig: Setting CVar [[r.DOF.Gather.PostfilterMethod:1          ; Median3x3 postfilering method]]
[2020.07.13-06.33.02:029][  0]LogConfig: Setting CVar [[r.DOF.Gather.EnableBokehSettings:0       ; no bokeh simulation when gathering]]
[2020.07.13-06.33.02:029][  0]LogConfig: Setting CVar [[r.DOF.Gather.RingCount:4                 ; medium number of samples when gathering]]
[2020.07.13-06.33.02:029][  0]LogConfig: Setting CVar [[r.DOF.Scatter.ForegroundCompositing:1    ; additive foreground scattering]]
[2020.07.13-06.33.02:029][  0]LogConfig: Setting CVar [[r.DOF.Scatter.BackgroundCompositing:2    ; additive background scattering]]
[2020.07.13-06.33.02:030][  0]LogConfig: Setting CVar [[r.DOF.Scatter.EnableBokehSettings:1      ; bokeh simulation when scattering]]
[2020.07.13-06.33.02:030][  0]LogConfig: Setting CVar [[r.DOF.Scatter.MaxSpriteRatio:0.1         ; only a maximum of 10% of scattered bokeh]]
[2020.07.13-06.33.02:030][  0]LogConfig: Setting CVar [[r.DOF.Recombine.Quality:1                ; cheap slight out of focus]]
[2020.07.13-06.33.02:030][  0]LogConfig: Setting CVar [[r.DOF.Recombine.EnableBokehSettings:0    ; no bokeh simulation on slight out of focus]]
[2020.07.13-06.33.02:030][  0]LogConfig: Setting CVar [[r.DOF.TemporalAAQuality:1                ; more stable temporal accumulation]]
[2020.07.13-06.33.02:030][  0]LogConfig: Setting CVar [[r.DOF.Kernel.MaxForegroundRadius:0.025]]
[2020.07.13-06.33.02:030][  0]LogConfig: Setting CVar [[r.DOF.Kernel.MaxBackgroundRadius:0.025]]
[2020.07.13-06.33.02:030][  0]LogConfig: Applying CVar settings from Section [TextureQuality@3] File [D:/Unity/WeGottaPass/ThisTrimester/Name/Full_spectrum/Prototype/Saved/Config/Windows/Scalability.ini]
[2020.07.13-06.33.02:030][  0]LogConfig: Setting CVar [[r.Streaming.MipBias:0]]
[2020.07.13-06.33.02:030][  0]LogConfig: Setting CVar [[r.Streaming.AmortizeCPUToGPUCopy:0]]
[2020.07.13-06.33.02:030][  0]LogConfig: Setting CVar [[r.Streaming.MaxNumTexturesToStreamPerFrame:0]]
[2020.07.13-06.33.02:030][  0]LogConfig: Setting CVar [[r.Streaming.Boost:1]]
[2020.07.13-06.33.02:030][  0]LogConfig: Setting CVar [[r.MaxAnisotropy:8]]
[2020.07.13-06.33.02:030][  0]LogConfig: Setting CVar [[r.VT.MaxAnisotropy:8]]
[2020.07.13-06.33.02:030][  0]LogConfig: Setting CVar [[r.Streaming.LimitPoolSizeToVRAM:0]]
[2020.07.13-06.33.02:030][  0]LogConfig: Setting CVar [[r.Streaming.PoolSize:1000]]
[2020.07.13-06.33.02:030][  0]LogConfig: Setting CVar [[r.Streaming.MaxEffectiveScreenSize:0]]
[2020.07.13-06.33.02:030][  0]LogConfig: Applying CVar settings from Section [EffectsQuality@3] File [D:/Unity/WeGottaPass/ThisTrimester/Name/Full_spectrum/Prototype/Saved/Config/Windows/Scalability.ini]
[2020.07.13-06.33.02:030][  0]LogConfig: Setting CVar [[r.TranslucencyLightingVolumeDim:64]]
[2020.07.13-06.33.02:030][  0]LogConfig: Setting CVar [[r.RefractionQuality:2]]
[2020.07.13-06.33.02:030][  0]LogConfig: Setting CVar [[r.SSR.Quality:3]]
[2020.07.13-06.33.02:030][  0]LogConfig: Setting CVar [[r.SSR.HalfResSceneColor:0]]
[2020.07.13-06.33.02:030][  0]LogConfig: Setting CVar [[r.SceneColorFormat:4]]
[2020.07.13-06.33.02:030][  0]LogConfig: Setting CVar [[r.DetailMode:2]]
[2020.07.13-06.33.02:030][  0]LogConfig: Setting CVar [[r.TranslucencyVolumeBlur:1]]
[2020.07.13-06.33.02:030][  0]LogConfig: Setting CVar [[r.MaterialQualityLevel:1 ; High quality]]
[2020.07.13-06.33.02:030][  0]LogConfig: Setting CVar [[r.SSS.Scale:1]]
[2020.07.13-06.33.02:030][  0]LogConfig: Setting CVar [[r.SSS.SampleSet:2]]
[2020.07.13-06.33.02:030][  0]LogConfig: Setting CVar [[r.SSS.Quality:1]]
[2020.07.13-06.33.02:030][  0]LogConfig: Setting CVar [[r.SSS.HalfRes:0]]
[2020.07.13-06.33.02:030][  0]LogConfig: Setting CVar [[r.SSGI.Quality:3]]
[2020.07.13-06.33.02:030][  0]LogConfig: Setting CVar [[r.EmitterSpawnRateScale:1.0]]
[2020.07.13-06.33.02:030][  0]LogConfig: Setting CVar [[r.ParticleLightQuality:2]]
[2020.07.13-06.33.02:030][  0]LogConfig: Setting CVar [[r.SkyAtmosphere.AerialPerspectiveLUT.FastApplyOnOpaque:1 ; Always have FastSkyLUT 1 in this case to avoid wrong sky]]
[2020.07.13-06.33.02:030][  0]LogConfig: Setting CVar [[r.SkyAtmosphere.AerialPerspectiveLUT.SampleCountPerSlice:1]]
[2020.07.13-06.33.02:030][  0]LogConfig: Setting CVar [[r.SkyAtmosphere.AerialPerspectiveLUT.DepthResolution:16.0]]
[2020.07.13-06.33.02:030][  0]LogConfig: Setting CVar [[r.SkyAtmosphere.FastSkyLUT:1]]
[2020.07.13-06.33.02:030][  0]LogConfig: Setting CVar [[r.SkyAtmosphere.FastSkyLUT.SampleCountMin:4.0]]
[2020.07.13-06.33.02:030][  0]LogConfig: Setting CVar [[r.SkyAtmosphere.FastSkyLUT.SampleCountMax:32.0]]
[2020.07.13-06.33.02:030][  0]LogConfig: Setting CVar [[r.SkyAtmosphere.SampleCountMin:4.0]]
[2020.07.13-06.33.02:030][  0]LogConfig: Setting CVar [[r.SkyAtmosphere.SampleCountMax:32.0]]
[2020.07.13-06.33.02:030][  0]LogConfig: Setting CVar [[r.SkyAtmosphere.TransmittanceLUT.UseSmallFormat:0]]
[2020.07.13-06.33.02:030][  0]LogConfig: Setting CVar [[r.SkyAtmosphere.TransmittanceLUT.SampleCount:10.0]]
[2020.07.13-06.33.02:030][  0]LogConfig: Setting CVar [[r.SkyAtmosphere.MultiScatteringLUT.SampleCount:15.0]]
[2020.07.13-06.33.02:030][  0]LogConfig: Applying CVar settings from Section [FoliageQuality@3] File [D:/Unity/WeGottaPass/ThisTrimester/Name/Full_spectrum/Prototype/Saved/Config/Windows/Scalability.ini]
[2020.07.13-06.33.02:030][  0]LogConfig: Setting CVar [[foliage.DensityScale:1.0]]
[2020.07.13-06.33.02:030][  0]LogConfig: Setting CVar [[grass.DensityScale:1.0]]
[2020.07.13-06.33.02:030][  0]LogConfig: Applying CVar settings from Section [ShadingQuality@3] File [D:/Unity/WeGottaPass/ThisTrimester/Name/Full_spectrum/Prototype/Saved/Config/Windows/Scalability.ini]
[2020.07.13-06.33.02:030][  0]LogConfig: Setting CVar [[r.HairStrands.SkyLighting.SampleCount:16]]
[2020.07.13-06.33.02:030][  0]LogConfig: Setting CVar [[r.HairStrands.SkyLighting.JitterIntegration:0]]
[2020.07.13-06.33.02:030][  0]LogConfig: Setting CVar [[r.HairStrands.SkyAO.SampleCount:16]]
[2020.07.13-06.33.02:030][  0]LogConfig: Setting CVar [[r.HairStrands.DeepShadow.SuperSampling:0]]
[2020.07.13-06.33.02:030][  0]LogConfig: Setting CVar [[r.HairStrands.VisibilityPPLL:0]]
[2020.07.13-06.33.02:030][  0]LogConfig: Setting CVar [[r.HairStrands.RasterizationScale:0.5]]
[2020.07.13-06.33.02:030][  0]LogConfig: Setting CVar [[r.HairStrands.VelocityRasterizationScale:1]]
[2020.07.13-06.33.02:030][  0]LogConfig: Applying CVar settings from Section [Startup] File [../../../Engine/Config/ConsoleVariables.ini]
[2020.07.13-06.33.02:030][  0]LogConfig: Setting CVar [[net.UseAdaptiveNetUpdateFrequency:0]]
[2020.07.13-06.33.02:030][  0]LogConfig: Setting CVar [[p.chaos.AllowCreatePhysxBodies:1]]
[2020.07.13-06.33.02:030][  0]LogConfig: Setting CVar [[fx.SkipVectorVMBackendOptimizations:1]]
[2020.07.13-06.33.02:030][  0]LogConfig: Applying CVar settings from Section [ConsoleVariables] File [D:/Unity/WeGottaPass/ThisTrimester/Name/Full_spectrum/Prototype/Saved/Config/Windows/Engine.ini]
[2020.07.13-06.33.02:030][  0]LogInit: Computer: ALMA
[2020.07.13-06.33.02:030][  0]LogInit: User: willa
[2020.07.13-06.33.02:030][  0]LogInit: CPU Page size=4096, Cores=4
[2020.07.13-06.33.02:030][  0]LogInit: High frequency timer resolution =10.000000 MHz
[2020.07.13-06.33.02:031][  0]LogMemory: Memory total: Physical=15.9GB (16GB approx)
[2020.07.13-06.33.02:031][  0]LogMemory: Platform Memory Stats for Windows
[2020.07.13-06.33.02:031][  0]LogMemory: Process Physical Memory: 114.51 MB used, 114.51 MB peak
[2020.07.13-06.33.02:031][  0]LogMemory: Process Virtual Memory: 98.48 MB used, 98.48 MB peak
[2020.07.13-06.33.02:031][  0]LogMemory: Physical Memory: 7666.00 MB used,  8653.93 MB free, 16319.94 MB total
[2020.07.13-06.33.02:031][  0]LogMemory: Virtual Memory: 5143.19 MB used,  134212584.00 MB free, 134217728.00 MB total
[2020.07.13-06.33.02:035][  0]LogWindows: WindowsPlatformFeatures enabled
[2020.07.13-06.33.02:062][  0]LogInit: Physics initialised using underlying interface: PhysX
[2020.07.13-06.33.02:063][  0]LogInit: Using OS detected language (en-US).
[2020.07.13-06.33.02:063][  0]LogInit: Using OS detected locale (en-US).
[2020.07.13-06.33.02:064][  0]LogTextLocalizationManager: No specific localization for 'en-US' exists, so the 'en' localization will be used.
[2020.07.13-06.33.02:216][  0]LogInit: Setting process to per monitor DPI aware
[2020.07.13-06.33.02:236][  0]LogSlate: New Slate User Created.  User Index 0, Is Virtual User: 0
[2020.07.13-06.33.02:236][  0]LogSlate: Slate User Registered.  User Index 0, Is Virtual User: 0
[2020.07.13-06.33.02:427][  0]LogD3D11RHI: D3D11 min allowed feature level: 11_0
[2020.07.13-06.33.02:427][  0]LogD3D11RHI: D3D11 max allowed feature level: 11_0
[2020.07.13-06.33.02:427][  0]LogD3D11RHI: D3D11 adapters:
[2020.07.13-06.33.02:472][  0]LogD3D11RHI:    0. 'NVIDIA GeForce GTX 1060 6GB' (Feature Level 11_0)
[2020.07.13-06.33.02:472][  0]LogD3D11RHI:       6052/0/8159 MB DedicatedVideo/DedicatedSystem/SharedSystem, Outputs:2, VendorId:0x10de
[2020.07.13-06.33.02:474][  0]LogD3D11RHI:    1. 'Microsoft Basic Render Driver' (Feature Level 11_0)
[2020.07.13-06.33.02:474][  0]LogD3D11RHI:       0/0/8159 MB DedicatedVideo/DedicatedSystem/SharedSystem, Outputs:0, VendorId:0x1414
[2020.07.13-06.33.02:474][  0]LogD3D11RHI: Chosen D3D11 Adapter: 0
[2020.07.13-06.33.02:481][  0]LogD3D11RHI: Creating new Direct3DDevice
[2020.07.13-06.33.02:481][  0]LogD3D11RHI:     GPU DeviceId: 0x1c03 (for the marketing name, search the web for "GPU Device Id")
[2020.07.13-06.33.02:481][  0]LogWindows: EnumDisplayDevices:
[2020.07.13-06.33.02:482][  0]LogWindows:    0. 'NVIDIA GeForce GTX 1060 6GB' (P:0 D:1)
[2020.07.13-06.33.02:482][  0]LogWindows:    1. 'NVIDIA GeForce GTX 1060 6GB' (P:1 D:1)
[2020.07.13-06.33.02:482][  0]LogWindows:    2. 'NVIDIA GeForce GTX 1060 6GB' (P:0 D:0)
[2020.07.13-06.33.02:482][  0]LogWindows:    3. 'NVIDIA GeForce GTX 1060 6GB' (P:0 D:0)
[2020.07.13-06.33.02:482][  0]LogWindows: DebugString: FoundDriverCount:4 
[2020.07.13-06.33.02:482][  0]LogD3D11RHI:     Adapter Name: NVIDIA GeForce GTX 1060 6GB
[2020.07.13-06.33.02:482][  0]LogD3D11RHI:   Driver Version: 451.67 (internal:27.21.14.5167, unified:451.67)
[2020.07.13-06.33.02:482][  0]LogD3D11RHI:      Driver Date: 7-5-2020
[2020.07.13-06.33.02:482][  0]LogRHI: Texture pool is 4236 MB (70% of 6052 MB)
[2020.07.13-06.33.02:515][  0]LogD3D11RHI: RHI has support for 64 bit atomics
[2020.07.13-06.33.02:517][  0]LogD3D11RHI: [Aftermath] Enabled and primed
[2020.07.13-06.33.02:517][  0]LogD3D11RHI: Async texture creation enabled
[2020.07.13-06.33.02:517][  0]LogD3D11RHI: Array index from any shader is supported
[2020.07.13-06.33.02:543][  0]LogD3D11RHI: GPU Timing Frequency: 1000.000000 (Debug: 2 1)
[2020.07.13-06.33.02:784][  0]LogTargetPlatformManager: Display: Loaded TargetPlatform 'AllDesktop'
[2020.07.13-06.33.02:803][  0]LogTargetPlatformManager: Display: Loaded TargetPlatform 'Android'
[2020.07.13-06.33.02:803][  0]LogTargetPlatformManager: Display: Loaded TargetPlatform 'Android_ASTC'
[2020.07.13-06.33.02:803][  0]LogTargetPlatformManager: Display: Loaded TargetPlatform 'Android_DXT'
[2020.07.13-06.33.02:803][  0]LogTargetPlatformManager: Display: Loaded TargetPlatform 'Android_ETC2'
[2020.07.13-06.33.02:804][  0]LogTargetPlatformManager: Display: Loaded TargetPlatform 'AndroidClient'
[2020.07.13-06.33.02:804][  0]LogTargetPlatformManager: Display: Loaded TargetPlatform 'Android_ASTCClient'
[2020.07.13-06.33.02:804][  0]LogTargetPlatformManager: Display: Loaded TargetPlatform 'Android_DXTClient'
[2020.07.13-06.33.02:804][  0]LogTargetPlatformManager: Display: Loaded TargetPlatform 'Android_ETC2Client'
[2020.07.13-06.33.02:804][  0]LogTargetPlatformManager: Display: Loaded TargetPlatform 'Android_Multi'
[2020.07.13-06.33.02:804][  0]LogTargetPlatformManager: Display: Loaded TargetPlatform 'Android_MultiClient'
[2020.07.13-06.33.02:822][  0]LogTargetPlatformManager: Display: Loaded TargetPlatform 'IOSClient'
[2020.07.13-06.33.02:822][  0]LogTargetPlatformManager: Display: Loaded TargetPlatform 'IOS'
[2020.07.13-06.33.02:829][  0]LogTargetPlatformManager: Display: Loaded TargetPlatform 'Linux'
[2020.07.13-06.33.02:836][  0]LogTargetPlatformManager: Display: Loaded TargetPlatform 'LinuxNoEditor'
[2020.07.13-06.33.02:844][  0]LogTargetPlatformManager: Display: Loaded TargetPlatform 'LinuxClient'
[2020.07.13-06.33.02:851][  0]LogTargetPlatformManager: Display: Loaded TargetPlatform 'LinuxServer'
[2020.07.13-06.33.02:859][  0]LogTargetPlatformManager: Display: Loaded TargetPlatform 'LinuxAArch64NoEditor'
[2020.07.13-06.33.02:866][  0]LogTargetPlatformManager: Display: Loaded TargetPlatform 'LinuxAArch64Client'
[2020.07.13-06.33.02:872][  0]LogTargetPlatformManager: Display: Loaded TargetPlatform 'LinuxAArch64Server'
[2020.07.13-06.33.02:892][  0]LogTargetPlatformManager: Display: Loaded TargetPlatform 'Lumin'
[2020.07.13-06.33.02:892][  0]LogTargetPlatformManager: Display: Loaded TargetPlatform 'LuminClient'
[2020.07.13-06.33.02:904][  0]LogTargetPlatformManager: Display: Loaded TargetPlatform 'TVOSClient'
[2020.07.13-06.33.02:904][  0]LogTargetPlatformManager: Display: Loaded TargetPlatform 'TVOS'
[2020.07.13-06.33.02:911][  0]LogTargetPlatformManager: Display: Loaded TargetPlatform 'WindowsNoEditor'
[2020.07.13-06.33.02:918][  0]LogTargetPlatformManager: Display: Loaded TargetPlatform 'Windows'
[2020.07.13-06.33.02:925][  0]LogTargetPlatformManager: Display: Loaded TargetPlatform 'WindowsClient'
[2020.07.13-06.33.02:932][  0]LogTargetPlatformManager: Display: Loaded TargetPlatform 'WindowsServer'
[2020.07.13-06.33.02:932][  0]LogTargetPlatformManager: Display: Building Assets For Windows
[2020.07.13-06.33.02:937][  0]LogAudioDebug: Display: Lib vorbis DLL was dynamically loaded.
[2020.07.13-06.33.02:978][  0]LogShaderCompilers: Guid format shader working directory is -33 characters bigger than the processId version (../../../../../../Unity/WeGottaPass/ThisTrimester/Name/Full_spectrum/Prototype/Intermediate/Shaders/WorkingDirectory/27000/).
[2020.07.13-06.33.02:978][  0]LogShaderCompilers: Cleaned the shader compiler working directory 'C:/Users/willa/AppData/Local/Temp/UnrealShaderWorkingDir/0D08BEA84C0063251E56B69ADFC1606B/'.
[2020.07.13-06.33.02:978][  0]LogXGEController: Cleaning working directory: C:/Users/willa/AppData/Local/Temp/UnrealXGEWorkingDir/
[2020.07.13-06.33.02:978][  0]LogXGEController: Cannot use XGE Controller as Incredibuild is not installed on this machine.
[2020.07.13-06.33.02:978][  0]LogShaderCompilers: Cannot use XGE Shader Compiler as Incredibuild is not installed on this machine.
[2020.07.13-06.33.02:978][  0]LogShaderCompilers: Display: Using Local Shader Compiler.
[2020.07.13-06.33.03:582][  0]LogDerivedDataCache: Display: Max Cache Size: 512 MB
[2020.07.13-06.33.03:628][  0]LogDerivedDataCache: Loaded boot cache 0.05s 76MB C:/Users/willa/AppData/Local/UnrealEngine/4.25/DerivedDataCache/Boot.ddc.
[2020.07.13-06.33.03:628][  0]LogDerivedDataCache: Display: Loaded Boot cache: C:/Users/willa/AppData/Local/UnrealEngine/4.25/DerivedDataCache/Boot.ddc
[2020.07.13-06.33.03:628][  0]LogDerivedDataCache: FDerivedDataBackendGraph:  Pak pak cache file ../../../../../../Unity/WeGottaPass/ThisTrimester/Name/Full_spectrum/Prototype/DerivedDataCache/DDC.ddp not found, will not use a pak cache.
[2020.07.13-06.33.03:628][  0]LogDerivedDataCache: Unable to find inner node Pak for hierarchical cache Hierarchy.
[2020.07.13-06.33.03:628][  0]LogDerivedDataCache: FDerivedDataBackendGraph:  CompressedPak pak cache file ../../../../../../Unity/WeGottaPass/ThisTrimester/Name/Full_spectrum/Prototype/DerivedDataCache/Compressed.ddp not found, will not use a pak cache.
[2020.07.13-06.33.03:628][  0]LogDerivedDataCache: Unable to find inner node CompressedPak for hierarchical cache Hierarchy.
[2020.07.13-06.33.03:636][  0]LogDerivedDataCache: Display: Pak cache opened for reading ../../../Engine/DerivedDataCache/Compressed.ddp.
[2020.07.13-06.33.03:636][  0]LogDerivedDataCache: FDerivedDataBackendGraph:  EnterprisePak pak cache file ../../../Enterprise/DerivedDataCache/Compressed.ddp not found, will not use a pak cache.
[2020.07.13-06.33.03:636][  0]LogDerivedDataCache: Unable to find inner node EnterprisePak for hierarchical cache Hierarchy.
[2020.07.13-06.33.03:637][  0]LogDerivedDataCache: Using Local data cache path C:/Users/willa/AppData/Local/UnrealEngine/Common/DerivedDataCache: Writable
[2020.07.13-06.33.03:637][  0]LogDerivedDataCache: Shared data cache path not found in *engine.ini, will not use an Shared cache.
[2020.07.13-06.33.03:637][  0]LogDerivedDataCache: Unable to find inner node Shared for hierarchical cache Hierarchy.
[2020.07.13-06.33.03:677][  0]LogSlate: Using FreeType 2.10.0
[2020.07.13-06.33.03:677][  0]LogSlate: SlateFontServices - WITH_FREETYPE: 1, WITH_HARFBUZZ: 1
[2020.07.13-06.33.03:699][  0]LogAssetRegistry: FAssetRegistry took 0.0022 seconds to start up
[2020.07.13-06.33.03:886][  0]LogInit: Selected Device Profile: [Windows]
[2020.07.13-06.33.03:973][  0]LogMeshReduction: Using QuadricMeshReduction for automatic static mesh reduction
[2020.07.13-06.33.03:973][  0]LogMeshReduction: Using SimplygonMeshReduction for automatic skeletal mesh reduction
[2020.07.13-06.33.03:973][  0]LogMeshReduction: Using ProxyLODMeshReduction for automatic mesh merging
[2020.07.13-06.33.03:973][  0]LogMeshReduction: No distributed automatic mesh merging module available
[2020.07.13-06.33.03:973][  0]LogMeshMerging: No distributed automatic mesh merging module available
[2020.07.13-06.33.03:988][  0]LogNetVersion: Prototype 1.0.0, NetCL: 13144385, EngineNetVer: 14, GameNetVer: 0 (Checksum: 604875939)
[2020.07.13-06.33.04:331][  0]LogAISub: UAISubsystem::UAISubsystem AISubsystem (00000287C4602080), frame # 0
[2020.07.13-06.33.04:331][  0]LogAISub: UAISubsystem::UAISubsystem AIPerceptionSystem (00000287C751AAC0), frame # 0
[2020.07.13-06.33.04:332][  0]LogAISub: UAISubsystem::UAISubsystem EnvQueryManager (00000287C65B4200), frame # 0
[2020.07.13-06.33.04:369][  0]LogPackageLocalizationCache: Processed 17 localized package path(s) for 1 prioritized culture(s) in 0.032028 seconds
[2020.07.13-06.33.04:373][  0]LogUObjectArray: 15756 objects as part of root set at end of initial load.
[2020.07.13-06.33.04:373][  0]LogUObjectAllocator: 3925280 out of 0 bytes used by permanent object pool.
[2020.07.13-06.33.04:373][  0]LogUObjectArray: CloseDisregardForGC: 0/0 objects in disregard for GC pool
[2020.07.13-06.33.04:617][  0]LogTcpMessaging: Initializing TcpMessaging bridge
[2020.07.13-06.33.04:620][  0]LogUdpMessaging: Initializing bridge on interface 0.0.0.0:0 to multicast group 230.0.0.1:6666.
[2020.07.13-06.33.04:685][  0]SourceControl: Source control is disabled
[2020.07.13-06.33.04:685][  0]SourceControl: Source control is disabled
[2020.07.13-06.33.04:687][  0]SourceControl: Source control is disabled
[2020.07.13-06.33.04:689][  0]SourceControl: Source control is disabled
[2020.07.13-06.33.04:694][  0]SourceControl: Source control is disabled
[2020.07.13-06.33.04:860][  0]LogAndroidPermission: UAndroidPermissionCallbackProxy::GetInstance
[2020.07.13-06.33.04:874][  0]LogAudioCaptureCore: Display: No Audio Capture implementations found. Audio input will be silent.
[2020.07.13-06.33.04:874][  0]LogAudioCaptureCore: Display: No Audio Capture implementations found. Audio input will be silent.
[2020.07.13-06.33.04:940][  0]LogEngine: Initializing Engine...
[2020.07.13-06.33.04:941][  0]LogMagicLeap: Warning: VR disabled because ZI is not enabled.  To enable, in the editor, Edit -> Project Settings -> Plugins -> Magic Leap Plugin -> Enable Zero Iteration
[2020.07.13-06.33.04:941][  0]LogStats: UGameplayTagsManager::InitializeManager -  0.000 s
[2020.07.13-06.33.05:040][  0]LogInit: Initializing FReadOnlyCVARCache
[2020.07.13-06.33.05:046][  0]LogAIModule: Creating AISystem for world Untitled
[2020.07.13-06.33.05:046][  0]LogAISub: UAISubsystem::UAISubsystem EnvQueryManager (00000287CA1E3C00), frame # 0
[2020.07.13-06.33.05:046][  0]LogAISub: UAISubsystem::UAISubsystem AIPerceptionSystem (00000287CA21AE80), frame # 0
[2020.07.13-06.33.05:064][  0]LogAudioMixer: Display: Audio Mixer Platform Settings:
[2020.07.13-06.33.05:064][  0]LogAudioMixer: Display: 	Sample Rate:						  48000
[2020.07.13-06.33.05:064][  0]LogAudioMixer: Display: 	Callback Buffer Frame Size Requested: 1024
[2020.07.13-06.33.05:064][  0]LogAudioMixer: Display: 	Callback Buffer Frame Size To Use:	  1024
[2020.07.13-06.33.05:064][  0]LogAudioMixer: Display: 	Number of buffers to queue:			  2
[2020.07.13-06.33.05:064][  0]LogAudioMixer: Display: 	Max Channels (voices):				  32
[2020.07.13-06.33.05:064][  0]LogAudioMixer: Display: 	Number of Async Source Workers:		  0
[2020.07.13-06.33.05:064][  0]LogAudio: Display: AudioDevice MaxSources: 32
[2020.07.13-06.33.05:064][  0]LogAudio: Display: Using built-in audio occlusion.
[2020.07.13-06.33.05:064][  0]LogAudioMixer: Display: Initializing audio mixer.
[2020.07.13-06.33.05:075][  0]LogAudioMixer: Display: 0: FrontLeft
[2020.07.13-06.33.05:075][  0]LogAudioMixer: Display: 1: FrontRight
[2020.07.13-06.33.05:104][  0]LogAudioMixer: Display: Using Audio Device Speakers (RIG 800HD)
[2020.07.13-06.33.05:107][  0]LogAudioMixer: Display: Initializing Sound Submixes...
[2020.07.13-06.33.05:109][  0]LogAudioMixer: Display: Creating Master Submix 'MasterSubmixDefault'
[2020.07.13-06.33.05:109][  0]LogAudioMixer: Display: Creating Master Submix 'MasterReverbSubmixDefault'
[2020.07.13-06.33.05:110][  0]LogAudioMixer: Display: Creating Master Submix 'MasterEQSubmixDefault'
[2020.07.13-06.33.05:110][  0]LogInit: FAudioDevice initialized.
[2020.07.13-06.33.05:110][  0]LogNetVersion: Set ProjectVersion to 1.0.0.0. Version Checksum will be recalculated on next use.
[2020.07.13-06.33.05:237][  0]LogDerivedDataCache: Saved boot cache 0.13s 76MB C:/Users/willa/AppData/Local/UnrealEngine/4.25/DerivedDataCache/Boot.ddc.
[2020.07.13-06.33.05:240][  0]LogInit: Texture streaming: Enabled
[2020.07.13-06.33.05:252][  0]LogEngineSessionManager: EngineSessionManager initialized
[2020.07.13-06.33.05:252][  0]LogEditorSessionSummary: Verbose: Initializing EditorSessionSummaryWriter for editor session tracking
[2020.07.13-06.33.05:253][  0]LogEditorSessionSummary: EditorSessionSummaryWriter initialized
[2020.07.13-06.33.05:305][  0]LogInit: Transaction tracking system initialized
[2020.07.13-06.33.05:320][  0]BlueprintLog: New page: Editor Load
[2020.07.13-06.33.05:370][  0]LocalizationService: Localization service is disabled
[2020.07.13-06.33.05:489][  0]LogCook: Display: Max memory allowance for cook 16384mb min free memory 0mb
[2020.07.13-06.33.05:489][  0]LogCook: Display: Mobile HDR setting 1
[2020.07.13-06.33.05:620][  0]LogFileCache: Scanning file cache for directory 'D:/Unity/WeGottaPass/ThisTrimester/Name/Full_spectrum/Prototype/Content/' took 0.00s
[2020.07.13-06.33.05:620][  0]SourceControl: Source control is disabled
[2020.07.13-06.33.05:620][  0]LogUnrealEdMisc: Loading editor; pre map load, took 6.678
[2020.07.13-06.33.05:620][  0]Cmd: MAP LOAD FILE="../../../../../../Unity/WeGottaPass/ThisTrimester/Name/Full_spectrum/Prototype/Content/ThirdPersonBP/Maps/ThirdPersonExampleMap.umap" TEMPLATE=0 SHOWPROGRESS=1 FEATURELEVEL=3
[2020.07.13-06.33.05:620][  0]LightingResults: New page: Lighting Build
[2020.07.13-06.33.05:621][  0]LogWorld: UWorld::CleanupWorld for Untitled, bSessionEnded=true, bCleanupResources=true
[2020.07.13-06.33.05:621][  0]LogSlate: InvalidateAllWidgets triggered.  All widgets were invalidated
[2020.07.13-06.33.05:621][  0]MapCheck: New page: Map Check
[2020.07.13-06.33.05:621][  0]LightingResults: New page: Lighting Build
[2020.07.13-06.33.05:628][  0]LogAISub: UAISubsystem::~UAISubsystem EnvQueryManager (00000287CA1E3C00), frame # 0
[2020.07.13-06.33.05:628][  0]LogAISub: UAISubsystem::~UAISubsystem AIPerceptionSystem (00000287CA21AE80), frame # 0
[2020.07.13-06.33.05:629][  0]LogUObjectHash: Compacting FUObjectHashTables data took   0.54ms
[2020.07.13-06.33.05:764][  0]LogBlueprint: Warning: [Compiler Gunslinger] Input Axis Event references unknown Axis 'LookUpRate' for  InputAxis LookUpRate
[2020.07.13-06.33.05:975][  0]LogAIModule: Creating AISystem for world ThirdPersonExampleMap
[2020.07.13-06.33.05:975][  0]LogAISub: UAISubsystem::UAISubsystem EnvQueryManager (00000287BA81BE00), frame # 0
[2020.07.13-06.33.05:975][  0]LogAISub: UAISubsystem::UAISubsystem AIPerceptionSystem (00000287B9F25E40), frame # 0
[2020.07.13-06.33.05:981][  0]LogEditorServer: Finished looking for orphan Actors (0.000 secs)
[2020.07.13-06.33.05:994][  0]LogUObjectHash: Compacting FUObjectHashTables data took   0.89ms
[2020.07.13-06.33.05:995][  0]Cmd: MAP CHECKDEP NOCLEARLOG
[2020.07.13-06.33.05:995][  0]MapCheck: Map check complete: 0 Error(s), 0 Warning(s), took 0.084ms to complete.
[2020.07.13-06.33.05:995][  0]LogFileHelpers: Loading map 'ThirdPersonExampleMap' took 0.376
[2020.07.13-06.33.05:997][  0]LogUnrealEdMisc: Total Editor Startup Time, took 7.056
[2020.07.13-06.33.06:121][  0]LogSlate: Updating window title bar state: overlay mode, drag disabled, window buttons hidden, title bar hidden
[2020.07.13-06.33.06:127][  0]LogSlate: Updating window title bar state: overlay mode, drag disabled, window buttons hidden, title bar hidden
[2020.07.13-06.33.06:133][  0]LogSlate: Updating window title bar state: overlay mode, drag disabled, window buttons hidden, title bar hidden
[2020.07.13-06.33.06:139][  0]LogSlate: Updating window title bar state: overlay mode, drag disabled, window buttons hidden, title bar hidden
[2020.07.13-06.33.06:143][  0]LogCollectionManager: Loaded 0 collections in 0.000739 seconds
[2020.07.13-06.33.06:155][  0]LogFileCache: Scanning file cache for directory 'D:/Unity/WeGottaPass/ThisTrimester/Name/Full_spectrum/Prototype/Saved/Collections/' took 0.00s
[2020.07.13-06.33.06:155][  0]LogFileCache: Scanning file cache for directory 'D:/Unity/WeGottaPass/ThisTrimester/Name/Full_spectrum/Prototype/Content/Developers/willa/Collections/' took 0.00s
[2020.07.13-06.33.06:155][  0]LogFileCache: Scanning file cache for directory 'D:/Unity/WeGottaPass/ThisTrimester/Name/Full_spectrum/Prototype/Content/Collections/' took 0.00s
[2020.07.13-06.33.06:155][  0]LogContentBrowser: Native class hierarchy populated in 0.0072 seconds. Added 3407 classes and 805 folders.
[2020.07.13-06.33.06:157][  0]LogContentBrowser: Native class hierarchy updated for 'WidgetCarousel' in 0.0002 seconds. Added 0 classes and 0 folders.
[2020.07.13-06.33.06:218][  0]LogContentBrowser: Native class hierarchy updated for 'AddContentDialog' in 0.0002 seconds. Added 0 classes and 0 folders.
[2020.07.13-06.33.06:219][  0]LogContentBrowser: Native class hierarchy updated for 'SceneOutliner' in 0.0002 seconds. Added 2 classes and 0 folders.
[2020.07.13-06.33.06:318][  0]LogSlate: Took 0.000186 seconds to synchronously load lazily loaded font '../../../Engine/Content/Slate/Fonts/Roboto-Regular.ttf' (155K)
[2020.07.13-06.33.06:319][  0]LogSlate: Took 0.000181 seconds to synchronously load lazily loaded font '../../../Engine/Content/Slate/Fonts/Roboto-Bold.ttf' (160K)
[2020.07.13-06.33.06:323][  0]LogSlate: Took 0.000238 seconds to synchronously load lazily loaded font '../../../Engine/Content/Editor/Slate/Fonts/FontAwesome.ttf' (139K)
[2020.07.13-06.33.06:382][  0]LogRenderer: Reallocating scene render targets to support 672x512 Format 10 NumSamples 1 (Frame:1).
[2020.07.13-06.33.06:461][  0]LogContentBrowser: Native class hierarchy updated for 'HierarchicalLODOutliner' in 0.0002 seconds. Added 0 classes and 0 folders.
[2020.07.13-06.33.06:461][  0]LogLoad: (Engine Initialization) Total time: 7.52 seconds
[2020.07.13-06.33.06:461][  0]LogLoad: (Engine Initialization) Total Blueprint compile time: 0.00 seconds
[2020.07.13-06.33.06:497][  0]LogAssetRegistry: Asset discovery search completed in 2.7976 seconds
[2020.07.13-06.33.06:500][  0]LogCollectionManager: Fixed up redirectors for 0 collections in 0.000002 seconds (updated 0 objects)
[2020.07.13-06.33.06:503][  0]LogContentStreaming: Texture pool size now 1000 MB
[2020.07.13-06.33.06:527][  0]LogSlate: Took 0.000237 seconds to synchronously load lazily loaded font '../../../Engine/Content/Slate/Fonts/Roboto-Light.ttf' (167K)
[2020.07.13-06.33.19:205][837]LogRenderer: Reallocating scene render targets to support 680x512 Format 10 NumSamples 1 (Frame:825).
[2020.07.13-06.33.24:025][284]LogRenderer: Reallocating scene render targets to support 1012x548 Format 10 NumSamples 1 (Frame:1263).
[2020.07.13-06.33.31:185][ 92]LogSlate: Took 0.000268 seconds to synchronously load lazily loaded font '../../../Engine/Content/Slate/Fonts/Roboto-Light.ttf' (167K)
[2020.07.13-06.33.31:377][ 92]LogAssetEditorSubsystem: Opening Asset editor for World /Game/ThirdPersonBP/Maps/Thirdworld.Thirdworld
[2020.07.13-06.33.31:387][ 92]LogUObjectHash: Compacting FUObjectHashTables data took   0.84ms
[2020.07.13-06.33.31:388][ 92]Cmd: MAP LOAD FILE="../../../../../../Unity/WeGottaPass/ThisTrimester/Name/Full_spectrum/Prototype/Content/ThirdPersonBP/Maps/Thirdworld.umap" TEMPLATE=0 SHOWPROGRESS=1 FEATURELEVEL=3
[2020.07.13-06.33.31:388][ 92]LightingResults: New page: Lighting Build
[2020.07.13-06.33.31:388][ 92]LoadErrors: New page: Loading map: Thirdworld.umap
[2020.07.13-06.33.31:417][ 92]LogWorld: UWorld::CleanupWorld for ThirdPersonExampleMap, bSessionEnded=true, bCleanupResources=true
[2020.07.13-06.33.31:417][ 92]LogSlate: InvalidateAllWidgets triggered.  All widgets were invalidated
[2020.07.13-06.33.31:417][ 92]MapCheck: New page: Map Check
[2020.07.13-06.33.31:417][ 92]LightingResults: New page: Lighting Build
[2020.07.13-06.33.31:426][ 92]LogAISub: UAISubsystem::~UAISubsystem EnvQueryManager (00000287BA81BE00), frame # 2092
[2020.07.13-06.33.31:426][ 92]LogAISub: UAISubsystem::~UAISubsystem AIPerceptionSystem (00000287B9F25E40), frame # 2092
[2020.07.13-06.33.31:427][ 92]LogUObjectHash: Compacting FUObjectHashTables data took   0.85ms
[2020.07.13-06.33.31:507][ 92]LogEditorServer: Finished looking for orphan Actors (0.000 secs)
[2020.07.13-06.33.31:507][ 92]LogAIModule: Creating AISystem for world Thirdworld
[2020.07.13-06.33.31:507][ 92]LogAISub: UAISubsystem::UAISubsystem EnvQueryManager (00000287F68D1C00), frame # 2092
[2020.07.13-06.33.31:507][ 92]LogAISub: UAISubsystem::UAISubsystem AIPerceptionSystem (00000287BA091800), frame # 2092
[2020.07.13-06.33.31:518][ 92]LogUObjectHash: Compacting FUObjectHashTables data took   0.60ms
[2020.07.13-06.33.31:546][ 92]Cmd: MAP CHECKDEP NOCLEARLOG
[2020.07.13-06.33.31:547][ 92]MapCheck: Map check complete: 0 Error(s), 0 Warning(s), took 0.086ms to complete.
[2020.07.13-06.33.31:547][ 92]LogFileHelpers: Loading map 'Thirdworld' took 0.158
[2020.07.13-06.33.32:698][219]LogTemp: Repeating last play command: New Editor Window (PIE)
[2020.07.13-06.33.32:713][219]LogPlayLevel: PlayLevel: No blueprints needed recompiling
[2020.07.13-06.33.32:713][219]PIE: New page: PIE session: Thirdworld (Jul 14, 2020, 2:33:32 AM)
[2020.07.13-06.33.32:714][219]LogOnline: OSS: Creating online subsystem instance for: NULL
[2020.07.13-06.33.32:715][219]LogOnline: OSS: TryLoadSubsystemAndSetDefault: Loaded subsystem for module [NULL]
[2020.07.13-06.33.32:715][219]LogPlayLevel: Creating play world package: /Game/ThirdPersonBP/Maps/UEDPIE_0_Thirdworld
[2020.07.13-06.33.32:727][219]LogPlayLevel: PIE: StaticDuplicateObject took: (0.011892s)
[2020.07.13-06.33.32:728][219]LogAIModule: Creating AISystem for world Thirdworld
[2020.07.13-06.33.32:728][219]LogAISub: UAISubsystem::UAISubsystem EnvQueryManager (00000287BA818200), frame # 2219
[2020.07.13-06.33.32:728][219]LogAISub: UAISubsystem::UAISubsystem AIPerceptionSystem (00000287E9244F40), frame # 2219
[2020.07.13-06.33.32:728][219]LogPlayLevel: PIE: World Init took: (0.000967s)
[2020.07.13-06.33.32:728][219]LogPlayLevel: PIE: Created PIE world by copying editor world from /Game/ThirdPersonBP/Maps/Thirdworld.Thirdworld to /Game/ThirdPersonBP/Maps/UEDPIE_0_Thirdworld.Thirdworld (0.012991s)
[2020.07.13-06.33.32:735][219]LogUObjectHash: Compacting FUObjectHashTables data took   0.48ms
[2020.07.13-06.33.32:736][219]LogAudioMixer: Display: Audio Mixer Platform Settings:
[2020.07.13-06.33.32:736][219]LogAudioMixer: Display: 	Sample Rate:						  48000
[2020.07.13-06.33.32:736][219]LogAudioMixer: Display: 	Callback Buffer Frame Size Requested: 1024
[2020.07.13-06.33.32:736][219]LogAudioMixer: Display: 	Callback Buffer Frame Size To Use:	  1024
[2020.07.13-06.33.32:736][219]LogAudioMixer: Display: 	Number of buffers to queue:			  2
[2020.07.13-06.33.32:736][219]LogAudioMixer: Display: 	Max Channels (voices):				  32
[2020.07.13-06.33.32:736][219]LogAudioMixer: Display: 	Number of Async Source Workers:		  0
[2020.07.13-06.33.32:736][219]LogAudio: Display: AudioDevice MaxSources: 32
[2020.07.13-06.33.32:737][219]LogAudio: Display: Using built-in audio occlusion.
[2020.07.13-06.33.32:737][219]LogAudioMixer: Display: Initializing audio mixer.
[2020.07.13-06.33.32:741][219]LogAudioMixer: Display: 0: FrontLeft
[2020.07.13-06.33.32:741][219]LogAudioMixer: Display: 1: FrontRight
[2020.07.13-06.33.32:756][219]LogAudioMixer: Display: Using Audio Device Speakers (RIG 800HD)
[2020.07.13-06.33.32:756][219]LogAudioMixer: Display: Initializing Sound Submixes...
[2020.07.13-06.33.32:756][219]LogAudioMixer: Display: Creating Master Submix 'MasterSubmixDefault'
[2020.07.13-06.33.32:756][219]LogAudioMixer: Display: Creating Master Submix 'MasterReverbSubmixDefault'
[2020.07.13-06.33.32:756][219]LogAudioMixer: Display: Creating Master Submix 'MasterEQSubmixDefault'
[2020.07.13-06.33.32:766][219]LogInit: FAudioDevice initialized.
[2020.07.13-06.33.32:808][219]LogSlate: Updating window title bar state: overlay mode, drag disabled, window buttons hidden, title bar hidden
[2020.07.13-06.33.32:808][219]LogLoad: Game class is 'ThirdPersonGameMode_C'
[2020.07.13-06.33.32:813][219]LogWorld: Bringing World /Game/ThirdPersonBP/Maps/UEDPIE_0_Thirdworld.Thirdworld up for play (max tick rate 0) at 2020.07.13-16.33.32
[2020.07.13-06.33.32:813][219]LogWorld: Bringing up level for play took: 0.004070
[2020.07.13-06.33.32:813][219]LogOnline: OSS: Creating online subsystem instance for: :Context_3
[2020.07.13-06.33.32:816][219]LogContentBrowser: Native class hierarchy updated for 'MovieSceneCapture' in 0.0003 seconds. Added 20 classes and 0 folders.
[2020.07.13-06.33.32:820][219]PIE: Server logged in
[2020.07.13-06.33.32:822][219]PIE: Play in editor total start time 0.109 seconds.
[2020.07.13-06.33.32:890][220]LogRenderer: Reallocating scene render targets to support 1280x720 Format 10 NumSamples 1 (Frame:1).
[2020.07.13-06.33.58:017][220]LogSlate: Updating window title bar state: overlay mode, drag disabled, window buttons hidden, title bar hidden
[2020.07.13-06.33.58:017][220]LogWorld: BeginTearingDown for /Game/ThirdPersonBP/Maps/UEDPIE_0_Thirdworld
[2020.07.13-06.33.58:017][220]LogSlate: Window 'Prototype Preview [NetMode: Standalone] (64-bit/Windows) ' being destroyed
[2020.07.13-06.33.58:020][220]LogWorld: UWorld::CleanupWorld for Thirdworld, bSessionEnded=true, bCleanupResources=true
[2020.07.13-06.33.58:020][220]LogSlate: InvalidateAllWidgets triggered.  All widgets were invalidated
[2020.07.13-06.33.58:025][220]LogPlayLevel: Display: Shutting down PIE online subsystems
[2020.07.13-06.33.58:026][220]LogSlate: InvalidateAllWidgets triggered.  All widgets were invalidated
[2020.07.13-06.33.58:047][220]LogAISub: UAISubsystem::~UAISubsystem AIPerceptionSystem (00000287E9244F40), frame # 5220
[2020.07.13-06.33.58:047][220]LogAISub: UAISubsystem::~UAISubsystem EnvQueryManager (00000287BA818200), frame # 5220
[2020.07.13-06.33.58:048][220]LogUObjectHash: Compacting FUObjectHashTables data took   0.49ms
[2020.07.13-06.33.58:100][222]LogPlayLevel: Display: Destroying online subsystem :Context_3
[2020.07.13-06.33.59:088][329]LogUObjectHash: Compacting FUObjectHashTables data took   0.46ms
[2020.07.13-06.33.59:317][329]LogSavePackage: Moving '../../../../../../Unity/WeGottaPass/ThisTrimester/Name/Full_spectrum/Prototype/Saved/Thirdworld6F665F084E6B32A6481FB5947C890828.tmp' to '../../../../../../Unity/WeGottaPass/ThisTrimester/Name/Full_spectrum/Prototype/Content/ThirdPersonBP/Maps/Thirdworld.umap'
[2020.07.13-06.33.59:683][329]LogSavePackage: Moving '../../../../../../Unity/WeGottaPass/ThisTrimester/Name/Full_spectrum/Prototype/Saved/Thirdworld_BuiltDataF8D1A4A647A58731422D82BFA087D646.tmp' to '../../../../../../Unity/WeGottaPass/ThisTrimester/Name/Full_spectrum/Prototype/Content/ThirdPersonBP/Maps/Thirdworld_BuiltData.uasset'
[2020.07.13-06.33.59:720][329]AssetCheck: New page: Asset Save: multiple assets
[2020.07.13-06.33.59:720][329]LogContentValidation: Display: Validating World /Game/ThirdPersonBP/Maps/Thirdworld.Thirdworld
[2020.07.13-06.33.59:720][329]LogContentValidation: Display: Validating MapBuildDataRegistry /Game/ThirdPersonBP/Maps/Thirdworld_BuiltData.Thirdworld_BuiltData
[2020.07.13-06.36.34:867][445]LogTemp: Repeating last play command: New Editor Window (PIE)
[2020.07.13-06.36.34:883][445]LogPlayLevel: PlayLevel: No blueprints needed recompiling
[2020.07.13-06.36.34:883][445]PIE: New page: PIE session: Thirdworld (Jul 14, 2020, 2:36:34 AM)
[2020.07.13-06.36.34:883][445]LogPlayLevel: Creating play world package: /Game/ThirdPersonBP/Maps/UEDPIE_0_Thirdworld
[2020.07.13-06.36.34:895][445]LogPlayLevel: PIE: StaticDuplicateObject took: (0.011932s)
[2020.07.13-06.36.34:896][445]LogAIModule: Creating AISystem for world Thirdworld
[2020.07.13-06.36.34:896][445]LogAISub: UAISubsystem::UAISubsystem EnvQueryManager (000002878526FE00), frame # 6445
[2020.07.13-06.36.34:896][445]LogAISub: UAISubsystem::UAISubsystem AIPerceptionSystem (00000287B9A060C0), frame # 6445
[2020.07.13-06.36.34:896][445]LogPlayLevel: PIE: World Init took: (0.001007s)
[2020.07.13-06.36.34:896][445]LogPlayLevel: PIE: Created PIE world by copying editor world from /Game/ThirdPersonBP/Maps/Thirdworld.Thirdworld to /Game/ThirdPersonBP/Maps/UEDPIE_0_Thirdworld.Thirdworld (0.013110s)
[2020.07.13-06.36.34:903][445]LogUObjectHash: Compacting FUObjectHashTables data took   0.61ms
[2020.07.13-06.36.34:905][445]LogAudioMixer: Display: Audio Mixer Platform Settings:
[2020.07.13-06.36.34:905][445]LogAudioMixer: Display: 	Sample Rate:						  48000
[2020.07.13-06.36.34:905][445]LogAudioMixer: Display: 	Callback Buffer Frame Size Requested: 1024
[2020.07.13-06.36.34:905][445]LogAudioMixer: Display: 	Callback Buffer Frame Size To Use:	  1024
[2020.07.13-06.36.34:905][445]LogAudioMixer: Display: 	Number of buffers to queue:			  2
[2020.07.13-06.36.34:905][445]LogAudioMixer: Display: 	Max Channels (voices):				  32
[2020.07.13-06.36.34:905][445]LogAudioMixer: Display: 	Number of Async Source Workers:		  0
[2020.07.13-06.36.34:905][445]LogAudio: Display: AudioDevice MaxSources: 32
[2020.07.13-06.36.34:905][445]LogAudio: Display: Using built-in audio occlusion.
[2020.07.13-06.36.34:905][445]LogAudioMixer: Display: Initializing audio mixer.
[2020.07.13-06.36.34:911][445]LogAudioMixer: Display: 0: FrontLeft
[2020.07.13-06.36.34:911][445]LogAudioMixer: Display: 1: FrontRight
[2020.07.13-06.36.34:929][445]LogAudioMixer: Display: Using Audio Device Speakers (RIG 800HD)
[2020.07.13-06.36.34:929][445]LogAudioMixer: Display: Initializing Sound Submixes...
[2020.07.13-06.36.34:929][445]LogAudioMixer: Display: Creating Master Submix 'MasterSubmixDefault'
[2020.07.13-06.36.34:929][445]LogAudioMixer: Display: Creating Master Submix 'MasterReverbSubmixDefault'
[2020.07.13-06.36.34:930][445]LogAudioMixer: Display: Creating Master Submix 'MasterEQSubmixDefault'
[2020.07.13-06.36.34:939][445]LogInit: FAudioDevice initialized.
[2020.07.13-06.36.34:986][445]LogSlate: Updating window title bar state: overlay mode, drag disabled, window buttons hidden, title bar hidden
[2020.07.13-06.36.34:986][445]LogLoad: Game class is 'ThirdPersonGameMode_C'
[2020.07.13-06.36.34:991][445]LogWorld: Bringing World /Game/ThirdPersonBP/Maps/UEDPIE_0_Thirdworld.Thirdworld up for play (max tick rate 0) at 2020.07.13-16.36.34
[2020.07.13-06.36.34:992][445]LogWorld: Bringing up level for play took: 0.004731
[2020.07.13-06.36.34:992][445]LogOnline: OSS: Creating online subsystem instance for: :Context_4
[2020.07.13-06.36.35:051][445]PIE: Server logged in
[2020.07.13-06.36.35:052][445]PIE: Play in editor total start time 0.169 seconds.
[2020.07.13-06.36.37:247][693]LogSlate: Updating window title bar state: overlay mode, drag disabled, window buttons hidden, title bar hidden
[2020.07.13-06.36.37:247][693]LogWorld: BeginTearingDown for /Game/ThirdPersonBP/Maps/UEDPIE_0_Thirdworld
[2020.07.13-06.36.37:247][693]LogSlate: Window 'Prototype Preview [NetMode: Standalone] (64-bit/Windows) ' being destroyed
[2020.07.13-06.36.37:250][693]LogWorld: UWorld::CleanupWorld for Thirdworld, bSessionEnded=true, bCleanupResources=true
[2020.07.13-06.36.37:251][693]LogSlate: InvalidateAllWidgets triggered.  All widgets were invalidated
[2020.07.13-06.36.37:259][693]LogPlayLevel: Display: Shutting down PIE online subsystems
[2020.07.13-06.36.37:260][693]LogSlate: InvalidateAllWidgets triggered.  All widgets were invalidated
[2020.07.13-06.36.37:282][693]LogAISub: UAISubsystem::~UAISubsystem AIPerceptionSystem (00000287B9A060C0), frame # 6693
[2020.07.13-06.36.37:282][693]LogAISub: UAISubsystem::~UAISubsystem EnvQueryManager (000002878526FE00), frame # 6693
[2020.07.13-06.36.37:283][693]LogUObjectHash: Compacting FUObjectHashTables data took   0.49ms
[2020.07.13-06.36.37:316][695]LogPlayLevel: Display: Destroying online subsystem :Context_4
[2020.07.13-06.36.41:471][173]LogAssetEditorSubsystem: Opening Asset editor for World /Game/ThirdPersonBP/Maps/ThirdPersonExampleMap.ThirdPersonExampleMap
[2020.07.13-06.36.41:479][173]LogUObjectHash: Compacting FUObjectHashTables data took   0.78ms
[2020.07.13-06.36.41:480][173]Cmd: MAP LOAD FILE="../../../../../../Unity/WeGottaPass/ThisTrimester/Name/Full_spectrum/Prototype/Content/ThirdPersonBP/Maps/ThirdPersonExampleMap.umap" TEMPLATE=0 SHOWPROGRESS=1 FEATURELEVEL=3
[2020.07.13-06.36.41:480][173]LightingResults: New page: Lighting Build
[2020.07.13-06.36.41:480][173]LoadErrors: New page: Loading map: ThirdPersonExampleMap.umap
[2020.07.13-06.36.41:482][173]LogWorld: UWorld::CleanupWorld for Thirdworld, bSessionEnded=true, bCleanupResources=true
[2020.07.13-06.36.41:482][173]LogSlate: InvalidateAllWidgets triggered.  All widgets were invalidated
[2020.07.13-06.36.41:482][173]MapCheck: New page: Map Check
[2020.07.13-06.36.41:482][173]LightingResults: New page: Lighting Build
[2020.07.13-06.36.41:491][173]LogAISub: UAISubsystem::~UAISubsystem AIPerceptionSystem (00000287BA091800), frame # 7173
[2020.07.13-06.36.41:491][173]LogAISub: UAISubsystem::~UAISubsystem EnvQueryManager (00000287F68D1C00), frame # 7173
[2020.07.13-06.36.41:492][173]LogUObjectHash: Compacting FUObjectHashTables data took   0.63ms
[2020.07.13-06.36.41:656][173]LogEditorServer: Finished looking for orphan Actors (0.000 secs)
[2020.07.13-06.36.41:656][173]LogAIModule: Creating AISystem for world ThirdPersonExampleMap
[2020.07.13-06.36.41:656][173]LogAISub: UAISubsystem::UAISubsystem EnvQueryManager (00000287E32E8E00), frame # 7173
[2020.07.13-06.36.41:656][173]LogAISub: UAISubsystem::UAISubsystem AIPerceptionSystem (00000287E0429BC0), frame # 7173
[2020.07.13-06.36.41:667][173]LogUObjectHash: Compacting FUObjectHashTables data took   0.69ms
[2020.07.13-06.36.41:701][173]Cmd: MAP CHECKDEP NOCLEARLOG
[2020.07.13-06.36.41:701][173]MapCheck: Map check complete: 0 Error(s), 0 Warning(s), took 0.084ms to complete.
[2020.07.13-06.36.41:701][173]LogFileHelpers: Loading map 'ThirdPersonExampleMap' took 0.220
[2020.07.13-06.36.43:651][397]LogTemp: Repeating last play command: New Editor Window (PIE)
[2020.07.13-06.36.43:668][397]LogPlayLevel: PlayLevel: No blueprints needed recompiling
[2020.07.13-06.36.43:668][397]PIE: New page: PIE session: ThirdPersonExampleMap (Jul 14, 2020, 2:36:43 AM)
[2020.07.13-06.36.43:668][397]LogPlayLevel: Creating play world package: /Game/ThirdPersonBP/Maps/UEDPIE_0_ThirdPersonExampleMap
[2020.07.13-06.36.43:707][397]LogPlayLevel: PIE: StaticDuplicateObject took: (0.038979s)
[2020.07.13-06.36.43:708][397]LogAIModule: Creating AISystem for world ThirdPersonExampleMap
[2020.07.13-06.36.43:708][397]LogAISub: UAISubsystem::UAISubsystem EnvQueryManager (00000287E9B9D600), frame # 7397
[2020.07.13-06.36.43:708][397]LogAISub: UAISubsystem::UAISubsystem AIPerceptionSystem (00000287E92A2480), frame # 7397
[2020.07.13-06.36.43:708][397]LogPlayLevel: PIE: World Init took: (0.001046s)
[2020.07.13-06.36.43:708][397]LogPlayLevel: PIE: Created PIE world by copying editor world from /Game/ThirdPersonBP/Maps/ThirdPersonExampleMap.ThirdPersonExampleMap to /Game/ThirdPersonBP/Maps/UEDPIE_0_ThirdPersonExampleMap.ThirdPersonExampleMap (0.040166s)
[2020.07.13-06.36.43:716][397]LogUObjectHash: Compacting FUObjectHashTables data took   0.71ms
[2020.07.13-06.36.43:717][397]LogAudioMixer: Display: Audio Mixer Platform Settings:
[2020.07.13-06.36.43:717][397]LogAudioMixer: Display: 	Sample Rate:						  48000
[2020.07.13-06.36.43:717][397]LogAudioMixer: Display: 	Callback Buffer Frame Size Requested: 1024
[2020.07.13-06.36.43:717][397]LogAudioMixer: Display: 	Callback Buffer Frame Size To Use:	  1024
[2020.07.13-06.36.43:717][397]LogAudioMixer: Display: 	Number of buffers to queue:			  2
[2020.07.13-06.36.43:717][397]LogAudioMixer: Display: 	Max Channels (voices):				  32
[2020.07.13-06.36.43:717][397]LogAudioMixer: Display: 	Number of Async Source Workers:		  0
[2020.07.13-06.36.43:717][397]LogAudio: Display: AudioDevice MaxSources: 32
[2020.07.13-06.36.43:718][397]LogAudio: Display: Using built-in audio occlusion.
[2020.07.13-06.36.43:718][397]LogAudioMixer: Display: Initializing audio mixer.
[2020.07.13-06.36.43:722][397]LogAudioMixer: Display: 0: FrontLeft
[2020.07.13-06.36.43:722][397]LogAudioMixer: Display: 1: FrontRight
[2020.07.13-06.36.43:737][397]LogAudioMixer: Display: Using Audio Device Speakers (RIG 800HD)
[2020.07.13-06.36.43:737][397]LogAudioMixer: Display: Initializing Sound Submixes...
[2020.07.13-06.36.43:737][397]LogAudioMixer: Display: Creating Master Submix 'MasterSubmixDefault'
[2020.07.13-06.36.43:737][397]LogAudioMixer: Display: Creating Master Submix 'MasterReverbSubmixDefault'
[2020.07.13-06.36.43:737][397]LogAudioMixer: Display: Creating Master Submix 'MasterEQSubmixDefault'
[2020.07.13-06.36.43:749][397]LogInit: FAudioDevice initialized.
[2020.07.13-06.36.43:802][397]LogSlate: Updating window title bar state: overlay mode, drag disabled, window buttons hidden, title bar hidden
[2020.07.13-06.36.43:802][397]LogLoad: Game class is 'ThirdPersonGameMode_C'
[2020.07.13-06.36.43:805][397]LogWorld: Bringing World /Game/ThirdPersonBP/Maps/UEDPIE_0_ThirdPersonExampleMap.ThirdPersonExampleMap up for play (max tick rate 0) at 2020.07.13-16.36.43
[2020.07.13-06.36.43:956][397]LogWorld: Bringing up level for play took: 0.153037
[2020.07.13-06.36.43:956][397]LogOnline: OSS: Creating online subsystem instance for: :Context_5
[2020.07.13-06.36.44:015][397]PIE: Server logged in
[2020.07.13-06.36.44:016][397]PIE: Play in editor total start time 0.348 seconds.
[2020.07.13-06.37.24:967][521]LogSlate: Updating window title bar state: overlay mode, drag disabled, window buttons hidden, title bar hidden
[2020.07.13-06.37.24:967][521]LogWorld: BeginTearingDown for /Game/ThirdPersonBP/Maps/UEDPIE_0_ThirdPersonExampleMap
[2020.07.13-06.37.24:967][521]LogSlate: Window 'Prototype Preview [NetMode: Standalone] (64-bit/Windows) ' being destroyed
[2020.07.13-06.37.24:970][521]LogWorld: UWorld::CleanupWorld for ThirdPersonExampleMap, bSessionEnded=true, bCleanupResources=true
[2020.07.13-06.37.24:971][521]LogSlate: InvalidateAllWidgets triggered.  All widgets were invalidated
[2020.07.13-06.37.24:979][521]LogPlayLevel: Display: Shutting down PIE online subsystems
[2020.07.13-06.37.24:980][521]LogSlate: InvalidateAllWidgets triggered.  All widgets were invalidated
[2020.07.13-06.37.25:016][521]LogAISub: UAISubsystem::~UAISubsystem AIPerceptionSystem (00000287E92A2480), frame # 11521
[2020.07.13-06.37.25:016][521]LogAISub: UAISubsystem::~UAISubsystem EnvQueryManager (00000287E9B9D600), frame # 11521
[2020.07.13-06.37.25:017][521]LogUObjectHash: Compacting FUObjectHashTables data took   0.56ms
[2020.07.13-06.37.25:041][522]LogPlayLevel: Display: Destroying online subsystem :Context_5
[2020.07.13-06.37.25:837][615]LogTemp: Repeating last play command: New Editor Window (PIE)
[2020.07.13-06.37.25:853][615]LogPlayLevel: PlayLevel: No blueprints needed recompiling
[2020.07.13-06.37.25:854][615]PIE: New page: PIE session: ThirdPersonExampleMap (Jul 14, 2020, 2:37:25 AM)
[2020.07.13-06.37.25:854][615]LogPlayLevel: Creating play world package: /Game/ThirdPersonBP/Maps/UEDPIE_0_ThirdPersonExampleMap
[2020.07.13-06.37.25:864][615]LogPlayLevel: PIE: StaticDuplicateObject took: (0.010204s)
[2020.07.13-06.37.25:866][615]LogAIModule: Creating AISystem for world ThirdPersonExampleMap
[2020.07.13-06.37.25:866][615]LogAISub: UAISubsystem::UAISubsystem EnvQueryManager (00000287E908AE00), frame # 11615
[2020.07.13-06.37.25:866][615]LogAISub: UAISubsystem::UAISubsystem AIPerceptionSystem (000002878528DD00), frame # 11615
[2020.07.13-06.37.25:866][615]LogPlayLevel: PIE: World Init took: (0.002022s)
[2020.07.13-06.37.25:866][615]LogPlayLevel: PIE: Created PIE world by copying editor world from /Game/ThirdPersonBP/Maps/ThirdPersonExampleMap.ThirdPersonExampleMap to /Game/ThirdPersonBP/Maps/UEDPIE_0_ThirdPersonExampleMap.ThirdPersonExampleMap (0.012433s)
[2020.07.13-06.37.25:875][615]LogUObjectHash: Compacting FUObjectHashTables data took   0.78ms
[2020.07.13-06.37.25:876][615]LogAudioMixer: Display: Audio Mixer Platform Settings:
[2020.07.13-06.37.25:876][615]LogAudioMixer: Display: 	Sample Rate:						  48000
[2020.07.13-06.37.25:876][615]LogAudioMixer: Display: 	Callback Buffer Frame Size Requested: 1024
[2020.07.13-06.37.25:876][615]LogAudioMixer: Display: 	Callback Buffer Frame Size To Use:	  1024
[2020.07.13-06.37.25:876][615]LogAudioMixer: Display: 	Number of buffers to queue:			  2
[2020.07.13-06.37.25:876][615]LogAudioMixer: Display: 	Max Channels (voices):				  32
[2020.07.13-06.37.25:876][615]LogAudioMixer: Display: 	Number of Async Source Workers:		  0
[2020.07.13-06.37.25:876][615]LogAudio: Display: AudioDevice MaxSources: 32
[2020.07.13-06.37.25:877][615]LogAudio: Display: Using built-in audio occlusion.
[2020.07.13-06.37.25:877][615]LogAudioMixer: Display: Initializing audio mixer.
[2020.07.13-06.37.25:882][615]LogAudioMixer: Display: 0: FrontLeft
[2020.07.13-06.37.25:882][615]LogAudioMixer: Display: 1: FrontRight
[2020.07.13-06.37.25:898][615]LogAudioMixer: Display: Using Audio Device Speakers (RIG 800HD)
[2020.07.13-06.37.25:899][615]LogAudioMixer: Display: Initializing Sound Submixes...
[2020.07.13-06.37.25:899][615]LogAudioMixer: Display: Creating Master Submix 'MasterSubmixDefault'
[2020.07.13-06.37.25:899][615]LogAudioMixer: Display: Creating Master Submix 'MasterReverbSubmixDefault'
[2020.07.13-06.37.25:899][615]LogAudioMixer: Display: Creating Master Submix 'MasterEQSubmixDefault'
[2020.07.13-06.37.25:910][615]LogInit: FAudioDevice initialized.
[2020.07.13-06.37.25:956][615]LogSlate: Updating window title bar state: overlay mode, drag disabled, window buttons hidden, title bar hidden
[2020.07.13-06.37.25:957][615]LogLoad: Game class is 'ThirdPersonGameMode_C'
[2020.07.13-06.37.25:960][615]LogWorld: Bringing World /Game/ThirdPersonBP/Maps/UEDPIE_0_ThirdPersonExampleMap.ThirdPersonExampleMap up for play (max tick rate 0) at 2020.07.13-16.37.25
[2020.07.13-06.37.25:960][615]LogWorld: Bringing up level for play took: 0.003129
[2020.07.13-06.37.25:961][615]LogOnline: OSS: Creating online subsystem instance for: :Context_6
[2020.07.13-06.37.25:966][615]PIE: Server logged in
[2020.07.13-06.37.25:967][615]PIE: Play in editor total start time 0.114 seconds.
[2020.07.13-06.37.51:107][622]LogSlate: Updating window title bar state: overlay mode, drag disabled, window buttons hidden, title bar hidden
[2020.07.13-06.37.51:107][622]LogWorld: BeginTearingDown for /Game/ThirdPersonBP/Maps/UEDPIE_0_ThirdPersonExampleMap
[2020.07.13-06.37.51:107][622]LogSlate: Window 'Prototype Preview [NetMode: Standalone] (64-bit/Windows) ' being destroyed
[2020.07.13-06.37.51:110][622]LogWorld: UWorld::CleanupWorld for ThirdPersonExampleMap, bSessionEnded=true, bCleanupResources=true
[2020.07.13-06.37.51:111][622]LogSlate: InvalidateAllWidgets triggered.  All widgets were invalidated
[2020.07.13-06.37.51:120][622]LogPlayLevel: Display: Shutting down PIE online subsystems
[2020.07.13-06.37.51:122][622]LogSlate: InvalidateAllWidgets triggered.  All widgets were invalidated
[2020.07.13-06.37.51:143][622]LogAISub: UAISubsystem::~UAISubsystem AIPerceptionSystem (000002878528DD00), frame # 14622
[2020.07.13-06.37.51:143][622]LogAISub: UAISubsystem::~UAISubsystem EnvQueryManager (00000287E908AE00), frame # 14622
[2020.07.13-06.37.51:144][622]LogUObjectHash: Compacting FUObjectHashTables data took   0.50ms
[2020.07.13-06.37.51:193][624]LogPlayLevel: Display: Destroying online subsystem :Context_6
[2020.07.13-06.46.12:591][669]LogEditorViewport: Clicking on Actor (LMB): Assassin_C (Assassin)
[2020.07.13-06.46.14:845][763]LogEditorViewport: Clicking on Actor (context menu): Assassin_C (Assassin)
[2020.07.13-06.46.24:272][252]LogAssetEditorSubsystem: Opening Asset editor for Blueprint /Game/ThirdPersonBP/Blueprints/Assassin.Assassin
[2020.07.13-06.46.25:270][252]LogContentBrowser: Native class hierarchy updated for 'BlueprintGraph' in 0.0005 seconds. Added 125 classes and 0 folders.
[2020.07.13-06.46.27:463][252]LogSlate: Took 0.015402 seconds to synchronously load lazily loaded font '../../../Engine/Content/Slate/Fonts/Roboto-BoldCondensed.ttf' (158K)
[2020.07.13-06.46.29:815][415]LogSlate: Took 0.020087 seconds to synchronously load lazily loaded font '../../../Engine/Content/Slate/Fonts/Roboto-Italic.ttf' (157K)
[2020.07.13-06.46.30:406][463]LogSlate: Window 'Assassin' being destroyed
[2020.07.13-06.47.48:137][915]LogUObjectHash: Compacting FUObjectHashTables data took   1.69ms
[2020.07.13-06.47.48:379][915]LogSavePackage: Moving '../../../../../../Unity/WeGottaPass/ThisTrimester/Name/Full_spectrum/Prototype/Saved/ThirdPersonExampleMap_Auto195989489455CB6914C0782810328FD94.tmp' to '../../../../../../Unity/WeGottaPass/ThisTrimester/Name/Full_spectrum/Prototype/Saved/Autosaves/Game/ThirdPersonBP/Maps/ThirdPersonExampleMap_Auto1.umap'
[2020.07.13-06.47.48:422][915]LogFileHelpers: Editor autosave (incl. sublevels) for '/Game/ThirdPersonBP/Maps/ThirdPersonExampleMap' took 0.319
[2020.07.13-06.47.48:422][915]LogFileHelpers: Editor autosave (incl. sublevels) for all levels took 0.319
[2020.07.13-06.48.33:533][ 51]BlueprintLog: New page: Compile Assassin
[2020.07.13-06.48.33:786][ 51]LogUObjectHash: Compacting FUObjectHashTables data took   2.23ms
[2020.07.13-06.48.34:016][ 51]LogSlate: Took 0.040952 seconds to synchronously load lazily loaded font '../../../Engine/Content/Slate/Fonts/DroidSansMono.ttf' (77K)
[2020.07.13-06.48.34:618][ 95]LogSavePackage: Moving '../../../../../../Unity/WeGottaPass/ThisTrimester/Name/Full_spectrum/Prototype/Saved/AssassinA339124E43F2263603B153B0F037D0C1.tmp' to '../../../../../../Unity/WeGottaPass/ThisTrimester/Name/Full_spectrum/Prototype/Content/ThirdPersonBP/Blueprints/Assassin.uasset'
[2020.07.13-06.48.34:644][ 95]AssetCheck: New page: Asset Save: Assassin
[2020.07.13-06.48.34:644][ 95]LogContentValidation: Display: Validating Blueprint /Game/ThirdPersonBP/Blueprints/Assassin.Assassin
